2017-09-26 14:05:40,744 [Worker-2] INFO  c.g.t.t.d.PublishedGradleVersions - Gradle version information cache is out-of-date. Trying to update.
2017-10-08 10:58:45,571 [Worker-0] INFO  c.g.t.t.d.PublishedGradleVersions - Gradle version information cache is out-of-date. Trying to update.
2017-10-13 11:46:45,063 [Worker-699] INFO  o.e.m.c.i.l.LifecycleMappingFactory - Using org.eclipse.m2e.jdt.JarLifecycleMapping lifecycle mapping for MavenProject: com:hi:0.0.1-SNAPSHOT @ /Users/marilynwaldman/CourseraAlgorithms/hi/pom.xml.
2017-10-13 11:46:45,319 [Worker-699] INFO  o.e.m.j.i.AbstractJavaProjectConfigurator - Adding source folder /hi/src/main/java
2017-10-13 11:46:45,322 [Worker-699] INFO  o.e.m.j.i.AbstractJavaProjectConfigurator - Adding resource folder /hi/src/main/resources
2017-10-13 11:46:45,322 [Worker-699] INFO  o.e.m.j.i.AbstractJavaProjectConfigurator - Adding source folder /hi/src/test/java
2017-10-13 11:46:45,323 [Worker-699] INFO  o.e.m.j.i.AbstractJavaProjectConfigurator - Adding resource folder /hi/src/test/resources
2017-10-13 11:46:45,907 [Worker-705] WARN  o.e.m.c.i.embedder.EclipseLogger - Using platform encoding (UTF-8 actually) to copy filtered resources, i.e. build is platform dependent!
2017-10-13 11:46:45,918 [Worker-705] INFO  o.e.m.c.i.embedder.EclipseLogger - Copying 0 resource
2017-10-13 11:46:45,922 [Worker-705] WARN  o.e.m.c.i.embedder.EclipseLogger - Using platform encoding (UTF-8 actually) to copy filtered resources, i.e. build is platform dependent!
2017-10-13 11:46:45,923 [Worker-705] INFO  o.e.m.c.i.embedder.EclipseLogger - Copying 0 resource
2017-10-13 11:50:10,264 [Worker-699] INFO  o.e.m.c.i.l.LifecycleMappingFactory - Using org.eclipse.m2e.jdt.JarLifecycleMapping lifecycle mapping for MavenProject: HyperLedger:CheckPom:0.0.1-SNAPSHOT @ /Users/marilynwaldman/CourseraAlgorithms/CheckPom/pom.xml.
2017-10-13 11:50:10,377 [Worker-699] INFO  o.e.m.j.i.AbstractJavaProjectConfigurator - Adding source folder /CheckPom/src/main/java
2017-10-13 11:50:10,377 [Worker-699] INFO  o.e.m.j.i.AbstractJavaProjectConfigurator - Adding resource folder /CheckPom/src/main/resources
2017-10-13 11:50:10,377 [Worker-699] INFO  o.e.m.j.i.AbstractJavaProjectConfigurator - Adding source folder /CheckPom/src/test/java
2017-10-13 11:50:10,377 [Worker-699] INFO  o.e.m.j.i.AbstractJavaProjectConfigurator - Adding resource folder /CheckPom/src/test/resources
2017-10-13 11:50:10,606 [Worker-704] WARN  o.e.m.c.i.embedder.EclipseLogger - Using platform encoding (UTF-8 actually) to copy filtered resources, i.e. build is platform dependent!
2017-10-13 11:50:10,610 [Worker-704] INFO  o.e.m.c.i.embedder.EclipseLogger - Copying 0 resource
2017-10-13 11:50:10,612 [Worker-704] WARN  o.e.m.c.i.embedder.EclipseLogger - Using platform encoding (UTF-8 actually) to copy filtered resources, i.e. build is platform dependent!
2017-10-13 11:50:10,613 [Worker-704] INFO  o.e.m.c.i.embedder.EclipseLogger - Copying 0 resource
2017-10-13 11:52:16,911 [Worker-699] INFO  o.e.m.c.i.l.LifecycleMappingFactory - Using org.eclipse.m2e.jdt.JarLifecycleMapping lifecycle mapping for MavenProject: HyperLedger:PomExample:0.0.1-SNAPSHOT @ /Users/marilynwaldman/CourseraAlgorithms/PomExample/pom.xml.
2017-10-13 11:52:16,959 [Worker-699] INFO  o.e.m.j.i.AbstractJavaProjectConfigurator - Adding source folder /PomExample/src/main/java
2017-10-13 11:52:16,959 [Worker-699] INFO  o.e.m.j.i.AbstractJavaProjectConfigurator - Adding resource folder /PomExample/src/main/resources
2017-10-13 11:52:16,960 [Worker-699] INFO  o.e.m.j.i.AbstractJavaProjectConfigurator - Adding source folder /PomExample/src/test/java
2017-10-13 11:52:16,960 [Worker-699] INFO  o.e.m.j.i.AbstractJavaProjectConfigurator - Adding resource folder /PomExample/src/test/resources
2017-10-13 11:52:17,172 [Worker-705] WARN  o.e.m.c.i.embedder.EclipseLogger - Using platform encoding (UTF-8 actually) to copy filtered resources, i.e. build is platform dependent!
2017-10-13 11:52:17,174 [Worker-705] INFO  o.e.m.c.i.embedder.EclipseLogger - Copying 0 resource
2017-10-13 11:52:17,175 [Worker-705] WARN  o.e.m.c.i.embedder.EclipseLogger - Using platform encoding (UTF-8 actually) to copy filtered resources, i.e. build is platform dependent!
2017-10-13 11:52:17,176 [Worker-705] INFO  o.e.m.c.i.embedder.EclipseLogger - Copying 0 resource
2017-10-13 11:52:53,445 [Worker-705] WARN  o.e.m.c.i.embedder.EclipseLogger - Using platform encoding (UTF-8 actually) to copy filtered resources, i.e. build is platform dependent!
2017-10-13 11:52:53,451 [Worker-705] INFO  o.e.m.c.i.embedder.EclipseLogger - Copying 0 resource
2017-10-13 11:52:53,453 [Worker-705] WARN  o.e.m.c.i.embedder.EclipseLogger - Using platform encoding (UTF-8 actually) to copy filtered resources, i.e. build is platform dependent!
2017-10-13 11:52:53,453 [Worker-705] INFO  o.e.m.c.i.embedder.EclipseLogger - Copying 0 resource
2017-10-13 11:53:53,571 [Worker-708] INFO  o.e.m.c.i.l.LifecycleMappingFactory - Using org.eclipse.m2e.jdt.JarLifecycleMapping lifecycle mapping for MavenProject: HyperLedger:PomExample:0.0.1-SNAPSHOT @ /Users/marilynwaldman/CourseraAlgorithms/PomExample/pom.xml.
2017-10-13 11:53:53,935 [Worker-708] INFO  o.e.m.c.i.e.AbstractTransferListenerAdapter - Downloading https://repo.maven.apache.org/maven2/org/hyperledger/fabric-sdk-java/fabric-sdk-java/1.0.1/fabric-sdk-java-1.0.1.pom
2017-10-13 11:53:54,019 [Worker-708] INFO  o.e.m.c.i.e.AbstractTransferListenerAdapter - Downloaded https://repo.maven.apache.org/maven2/org/hyperledger/fabric-sdk-java/fabric-sdk-java/1.0.1/fabric-sdk-java-1.0.1.pom
2017-10-13 11:53:54,081 [Worker-708] INFO  o.e.m.c.i.e.AbstractTransferListenerAdapter - Downloading https://repo.maven.apache.org/maven2/io/grpc/grpc-netty/1.5.0/grpc-netty-1.5.0.pom
2017-10-13 11:53:54,153 [Worker-708] INFO  o.e.m.c.i.e.AbstractTransferListenerAdapter - Downloaded https://repo.maven.apache.org/maven2/io/grpc/grpc-netty/1.5.0/grpc-netty-1.5.0.pom
2017-10-13 11:53:54,182 [Worker-708] INFO  o.e.m.c.i.e.AbstractTransferListenerAdapter - Downloading https://repo.maven.apache.org/maven2/io/netty/netty-handler-proxy/4.1.12.Final/netty-handler-proxy-4.1.12.Final.pom
2017-10-13 11:53:54,254 [Worker-708] INFO  o.e.m.c.i.e.AbstractTransferListenerAdapter - Downloaded https://repo.maven.apache.org/maven2/io/netty/netty-handler-proxy/4.1.12.Final/netty-handler-proxy-4.1.12.Final.pom
2017-10-13 11:53:54,318 [Worker-708] INFO  o.e.m.c.i.e.AbstractTransferListenerAdapter - Downloading https://repo.maven.apache.org/maven2/io/netty/netty-parent/4.1.12.Final/netty-parent-4.1.12.Final.pom
2017-10-13 11:53:54,403 [Worker-708] INFO  o.e.m.c.i.e.AbstractTransferListenerAdapter - Downloaded https://repo.maven.apache.org/maven2/io/netty/netty-parent/4.1.12.Final/netty-parent-4.1.12.Final.pom
2017-10-13 11:53:54,473 [Worker-708] INFO  o.e.m.c.i.e.AbstractTransferListenerAdapter - Downloading https://repo.maven.apache.org/maven2/io/netty/netty-transport/4.1.12.Final/netty-transport-4.1.12.Final.pom
2017-10-13 11:53:54,543 [Worker-708] INFO  o.e.m.c.i.e.AbstractTransferListenerAdapter - Downloaded https://repo.maven.apache.org/maven2/io/netty/netty-transport/4.1.12.Final/netty-transport-4.1.12.Final.pom
2017-10-13 11:53:54,570 [Worker-708] INFO  o.e.m.c.i.e.AbstractTransferListenerAdapter - Downloading https://repo.maven.apache.org/maven2/io/netty/netty-buffer/4.1.12.Final/netty-buffer-4.1.12.Final.pom
2017-10-13 11:53:54,645 [Worker-708] INFO  o.e.m.c.i.e.AbstractTransferListenerAdapter - Downloaded https://repo.maven.apache.org/maven2/io/netty/netty-buffer/4.1.12.Final/netty-buffer-4.1.12.Final.pom
2017-10-13 11:53:54,668 [Worker-708] INFO  o.e.m.c.i.e.AbstractTransferListenerAdapter - Downloading https://repo.maven.apache.org/maven2/io/netty/netty-common/4.1.12.Final/netty-common-4.1.12.Final.pom
2017-10-13 11:53:54,753 [Worker-708] INFO  o.e.m.c.i.e.AbstractTransferListenerAdapter - Downloaded https://repo.maven.apache.org/maven2/io/netty/netty-common/4.1.12.Final/netty-common-4.1.12.Final.pom
2017-10-13 11:53:54,779 [Worker-708] INFO  o.e.m.c.i.e.AbstractTransferListenerAdapter - Downloading https://repo.maven.apache.org/maven2/io/netty/netty-resolver/4.1.12.Final/netty-resolver-4.1.12.Final.pom
2017-10-13 11:53:54,932 [Worker-708] INFO  o.e.m.c.i.e.AbstractTransferListenerAdapter - Downloaded https://repo.maven.apache.org/maven2/io/netty/netty-resolver/4.1.12.Final/netty-resolver-4.1.12.Final.pom
2017-10-13 11:53:54,955 [Worker-708] INFO  o.e.m.c.i.e.AbstractTransferListenerAdapter - Downloading https://repo.maven.apache.org/maven2/io/netty/netty-codec-socks/4.1.12.Final/netty-codec-socks-4.1.12.Final.pom
2017-10-13 11:53:55,030 [Worker-708] INFO  o.e.m.c.i.e.AbstractTransferListenerAdapter - Downloaded https://repo.maven.apache.org/maven2/io/netty/netty-codec-socks/4.1.12.Final/netty-codec-socks-4.1.12.Final.pom
2017-10-13 11:53:55,058 [Worker-708] INFO  o.e.m.c.i.e.AbstractTransferListenerAdapter - Downloading https://repo.maven.apache.org/maven2/io/netty/netty-codec/4.1.12.Final/netty-codec-4.1.12.Final.pom
2017-10-13 11:53:55,126 [Worker-708] INFO  o.e.m.c.i.e.AbstractTransferListenerAdapter - Downloaded https://repo.maven.apache.org/maven2/io/netty/netty-codec/4.1.12.Final/netty-codec-4.1.12.Final.pom
2017-10-13 11:53:55,153 [Worker-708] INFO  o.e.m.c.i.e.AbstractTransferListenerAdapter - Downloading https://repo.maven.apache.org/maven2/io/netty/netty-codec-http/4.1.12.Final/netty-codec-http-4.1.12.Final.pom
2017-10-13 11:53:55,222 [Worker-708] INFO  o.e.m.c.i.e.AbstractTransferListenerAdapter - Downloaded https://repo.maven.apache.org/maven2/io/netty/netty-codec-http/4.1.12.Final/netty-codec-http-4.1.12.Final.pom
2017-10-13 11:53:55,295 [Worker-708] INFO  o.e.m.c.i.e.AbstractTransferListenerAdapter - Downloading https://repo.maven.apache.org/maven2/io/grpc/grpc-protobuf/1.5.0/grpc-protobuf-1.5.0.pom
2017-10-13 11:53:55,372 [Worker-708] INFO  o.e.m.c.i.e.AbstractTransferListenerAdapter - Downloaded https://repo.maven.apache.org/maven2/io/grpc/grpc-protobuf/1.5.0/grpc-protobuf-1.5.0.pom
2017-10-13 11:53:55,431 [Worker-708] INFO  o.e.m.c.i.e.AbstractTransferListenerAdapter - Downloading https://repo.maven.apache.org/maven2/io/grpc/grpc-core/1.5.0/grpc-core-1.5.0.pom
2017-10-13 11:53:55,521 [Worker-708] INFO  o.e.m.c.i.e.AbstractTransferListenerAdapter - Downloaded https://repo.maven.apache.org/maven2/io/grpc/grpc-core/1.5.0/grpc-core-1.5.0.pom
2017-10-13 11:53:55,598 [Worker-708] INFO  o.e.m.c.i.e.AbstractTransferListenerAdapter - Downloading https://repo.maven.apache.org/maven2/com/google/errorprone/error_prone_annotations/2.0.19/error_prone_annotations-2.0.19.pom
2017-10-13 11:53:55,676 [Worker-708] INFO  o.e.m.c.i.e.AbstractTransferListenerAdapter - Downloaded https://repo.maven.apache.org/maven2/com/google/errorprone/error_prone_annotations/2.0.19/error_prone_annotations-2.0.19.pom
2017-10-13 11:53:55,742 [Worker-708] INFO  o.e.m.c.i.e.AbstractTransferListenerAdapter - Downloading https://repo.maven.apache.org/maven2/com/google/errorprone/error_prone_parent/2.0.19/error_prone_parent-2.0.19.pom
2017-10-13 11:53:55,813 [Worker-708] INFO  o.e.m.c.i.e.AbstractTransferListenerAdapter - Downloaded https://repo.maven.apache.org/maven2/com/google/errorprone/error_prone_parent/2.0.19/error_prone_parent-2.0.19.pom
2017-10-13 11:53:55,876 [Worker-708] INFO  o.e.m.c.i.e.AbstractTransferListenerAdapter - Downloading https://repo.maven.apache.org/maven2/io/grpc/grpc-context/1.5.0/grpc-context-1.5.0.pom
2017-10-13 11:53:55,953 [Worker-708] INFO  o.e.m.c.i.e.AbstractTransferListenerAdapter - Downloaded https://repo.maven.apache.org/maven2/io/grpc/grpc-context/1.5.0/grpc-context-1.5.0.pom
2017-10-13 11:53:56,015 [Worker-708] INFO  o.e.m.c.i.e.AbstractTransferListenerAdapter - Downloading https://repo.maven.apache.org/maven2/com/google/instrumentation/instrumentation-api/0.4.3/instrumentation-api-0.4.3.pom
2017-10-13 11:53:56,082 [Worker-708] INFO  o.e.m.c.i.e.AbstractTransferListenerAdapter - Downloaded https://repo.maven.apache.org/maven2/com/google/instrumentation/instrumentation-api/0.4.3/instrumentation-api-0.4.3.pom
2017-10-13 11:53:56,140 [Worker-708] INFO  o.e.m.c.i.e.AbstractTransferListenerAdapter - Downloading https://repo.maven.apache.org/maven2/com/google/errorprone/error_prone_annotations/2.0.11/error_prone_annotations-2.0.11.pom
2017-10-13 11:53:56,202 [Worker-708] INFO  o.e.m.c.i.e.AbstractTransferListenerAdapter - Downloaded https://repo.maven.apache.org/maven2/com/google/errorprone/error_prone_annotations/2.0.11/error_prone_annotations-2.0.11.pom
2017-10-13 11:53:56,273 [Worker-708] INFO  o.e.m.c.i.e.AbstractTransferListenerAdapter - Downloading https://repo.maven.apache.org/maven2/com/google/errorprone/error_prone_parent/2.0.11/error_prone_parent-2.0.11.pom
2017-10-13 11:53:56,339 [Worker-708] INFO  o.e.m.c.i.e.AbstractTransferListenerAdapter - Downloaded https://repo.maven.apache.org/maven2/com/google/errorprone/error_prone_parent/2.0.11/error_prone_parent-2.0.11.pom
2017-10-13 11:53:56,398 [Worker-708] INFO  o.e.m.c.i.e.AbstractTransferListenerAdapter - Downloading https://repo.maven.apache.org/maven2/io/grpc/grpc-context/1.2.0/grpc-context-1.2.0.pom
2017-10-13 11:53:56,463 [Worker-708] INFO  o.e.m.c.i.e.AbstractTransferListenerAdapter - Downloaded https://repo.maven.apache.org/maven2/io/grpc/grpc-context/1.2.0/grpc-context-1.2.0.pom
2017-10-13 11:53:56,479 [Worker-708] INFO  o.e.m.c.i.e.AbstractTransferListenerAdapter - Downloading https://repo.maven.apache.org/maven2/com/google/protobuf/protobuf-java/3.3.1/protobuf-java-3.3.1.pom
2017-10-13 11:53:56,500 [Worker-708] INFO  o.e.m.c.i.e.AbstractTransferListenerAdapter - Downloaded https://repo.maven.apache.org/maven2/com/google/protobuf/protobuf-java/3.3.1/protobuf-java-3.3.1.pom
2017-10-13 11:53:56,523 [Worker-708] INFO  o.e.m.c.i.e.AbstractTransferListenerAdapter - Downloading https://repo.maven.apache.org/maven2/com/google/protobuf/protobuf-parent/3.3.1/protobuf-parent-3.3.1.pom
2017-10-13 11:53:56,542 [Worker-708] INFO  o.e.m.c.i.e.AbstractTransferListenerAdapter - Downloaded https://repo.maven.apache.org/maven2/com/google/protobuf/protobuf-parent/3.3.1/protobuf-parent-3.3.1.pom
2017-10-13 11:53:56,610 [Worker-708] INFO  o.e.m.c.i.e.AbstractTransferListenerAdapter - Downloading https://repo.maven.apache.org/maven2/com/google/protobuf/protobuf-java-util/3.3.1/protobuf-java-util-3.3.1.pom
2017-10-13 11:53:56,674 [Worker-708] INFO  o.e.m.c.i.e.AbstractTransferListenerAdapter - Downloaded https://repo.maven.apache.org/maven2/com/google/protobuf/protobuf-java-util/3.3.1/protobuf-java-util-3.3.1.pom
2017-10-13 11:53:56,735 [Worker-708] INFO  o.e.m.c.i.e.AbstractTransferListenerAdapter - Downloading https://repo.maven.apache.org/maven2/com/google/code/gson/gson/2.7/gson-2.7.pom
2017-10-13 11:53:56,803 [Worker-708] INFO  o.e.m.c.i.e.AbstractTransferListenerAdapter - Downloaded https://repo.maven.apache.org/maven2/com/google/code/gson/gson/2.7/gson-2.7.pom
2017-10-13 11:53:56,868 [Worker-708] INFO  o.e.m.c.i.e.AbstractTransferListenerAdapter - Downloading https://repo.maven.apache.org/maven2/com/google/code/gson/gson-parent/2.7/gson-parent-2.7.pom
2017-10-13 11:53:56,928 [Worker-708] INFO  o.e.m.c.i.e.AbstractTransferListenerAdapter - Downloaded https://repo.maven.apache.org/maven2/com/google/code/gson/gson-parent/2.7/gson-parent-2.7.pom
2017-10-13 11:53:56,992 [Worker-708] INFO  o.e.m.c.i.e.AbstractTransferListenerAdapter - Downloading https://repo.maven.apache.org/maven2/com/google/api/grpc/proto-google-common-protos/0.1.9/proto-google-common-protos-0.1.9.pom
2017-10-13 11:53:57,055 [Worker-708] INFO  o.e.m.c.i.e.AbstractTransferListenerAdapter - Downloaded https://repo.maven.apache.org/maven2/com/google/api/grpc/proto-google-common-protos/0.1.9/proto-google-common-protos-0.1.9.pom
2017-10-13 11:53:57,085 [Worker-708] INFO  o.e.m.c.i.e.AbstractTransferListenerAdapter - Downloading https://repo.maven.apache.org/maven2/com/google/protobuf/protobuf-java/3.2.0/protobuf-java-3.2.0.pom
2017-10-13 11:53:57,148 [Worker-708] INFO  o.e.m.c.i.e.AbstractTransferListenerAdapter - Downloaded https://repo.maven.apache.org/maven2/com/google/protobuf/protobuf-java/3.2.0/protobuf-java-3.2.0.pom
2017-10-13 11:53:57,169 [Worker-708] INFO  o.e.m.c.i.e.AbstractTransferListenerAdapter - Downloading https://repo.maven.apache.org/maven2/com/google/protobuf/protobuf-parent/3.2.0/protobuf-parent-3.2.0.pom
2017-10-13 11:53:57,234 [Worker-708] INFO  o.e.m.c.i.e.AbstractTransferListenerAdapter - Downloaded https://repo.maven.apache.org/maven2/com/google/protobuf/protobuf-parent/3.2.0/protobuf-parent-3.2.0.pom
2017-10-13 11:53:57,295 [Worker-708] INFO  o.e.m.c.i.e.AbstractTransferListenerAdapter - Downloading https://repo.maven.apache.org/maven2/io/grpc/grpc-protobuf-lite/1.5.0/grpc-protobuf-lite-1.5.0.pom
2017-10-13 11:53:57,361 [Worker-708] INFO  o.e.m.c.i.e.AbstractTransferListenerAdapter - Downloaded https://repo.maven.apache.org/maven2/io/grpc/grpc-protobuf-lite/1.5.0/grpc-protobuf-lite-1.5.0.pom
2017-10-13 11:53:57,424 [Worker-708] INFO  o.e.m.c.i.e.AbstractTransferListenerAdapter - Downloading https://repo.maven.apache.org/maven2/io/grpc/grpc-stub/1.5.0/grpc-stub-1.5.0.pom
2017-10-13 11:53:57,488 [Worker-708] INFO  o.e.m.c.i.e.AbstractTransferListenerAdapter - Downloaded https://repo.maven.apache.org/maven2/io/grpc/grpc-stub/1.5.0/grpc-stub-1.5.0.pom
2017-10-13 11:53:57,551 [Worker-708] INFO  o.e.m.c.i.e.AbstractTransferListenerAdapter - Downloading https://repo.maven.apache.org/maven2/io/netty/netty-tcnative-boringssl-static/2.0.5.Final/netty-tcnative-boringssl-static-2.0.5.Final.pom
2017-10-13 11:53:57,615 [Worker-708] INFO  o.e.m.c.i.e.AbstractTransferListenerAdapter - Downloaded https://repo.maven.apache.org/maven2/io/netty/netty-tcnative-boringssl-static/2.0.5.Final/netty-tcnative-boringssl-static-2.0.5.Final.pom
2017-10-13 11:53:57,692 [Worker-708] INFO  o.e.m.c.i.e.AbstractTransferListenerAdapter - Downloading https://repo.maven.apache.org/maven2/io/netty/netty-tcnative-parent/2.0.5.Final/netty-tcnative-parent-2.0.5.Final.pom
2017-10-13 11:53:57,758 [Worker-708] INFO  o.e.m.c.i.e.AbstractTransferListenerAdapter - Downloaded https://repo.maven.apache.org/maven2/io/netty/netty-tcnative-parent/2.0.5.Final/netty-tcnative-parent-2.0.5.Final.pom
2017-10-13 11:53:57,839 [Worker-708] INFO  o.e.m.c.i.e.AbstractTransferListenerAdapter - Downloading https://repo.maven.apache.org/maven2/io/netty/netty-codec-http2/4.1.13.Final/netty-codec-http2-4.1.13.Final.pom
2017-10-13 11:53:57,898 [Worker-708] INFO  o.e.m.c.i.e.AbstractTransferListenerAdapter - Downloaded https://repo.maven.apache.org/maven2/io/netty/netty-codec-http2/4.1.13.Final/netty-codec-http2-4.1.13.Final.pom
2017-10-13 11:53:57,917 [Worker-708] INFO  o.e.m.c.i.e.AbstractTransferListenerAdapter - Downloading https://repo.maven.apache.org/maven2/io/netty/netty-parent/4.1.13.Final/netty-parent-4.1.13.Final.pom
2017-10-13 11:53:57,941 [Worker-708] INFO  o.e.m.c.i.e.AbstractTransferListenerAdapter - Downloaded https://repo.maven.apache.org/maven2/io/netty/netty-parent/4.1.13.Final/netty-parent-4.1.13.Final.pom
2017-10-13 11:53:57,962 [Worker-708] INFO  o.e.m.c.i.e.AbstractTransferListenerAdapter - Downloading https://repo.maven.apache.org/maven2/io/netty/netty-codec-http/4.1.13.Final/netty-codec-http-4.1.13.Final.pom
2017-10-13 11:53:57,977 [Worker-708] INFO  o.e.m.c.i.e.AbstractTransferListenerAdapter - Downloaded https://repo.maven.apache.org/maven2/io/netty/netty-codec-http/4.1.13.Final/netty-codec-http-4.1.13.Final.pom
2017-10-13 11:53:57,998 [Worker-708] INFO  o.e.m.c.i.e.AbstractTransferListenerAdapter - Downloading https://repo.maven.apache.org/maven2/io/netty/netty-codec/4.1.13.Final/netty-codec-4.1.13.Final.pom
2017-10-13 11:53:58,017 [Worker-708] INFO  o.e.m.c.i.e.AbstractTransferListenerAdapter - Downloaded https://repo.maven.apache.org/maven2/io/netty/netty-codec/4.1.13.Final/netty-codec-4.1.13.Final.pom
2017-10-13 11:53:58,038 [Worker-708] INFO  o.e.m.c.i.e.AbstractTransferListenerAdapter - Downloading https://repo.maven.apache.org/maven2/io/netty/netty-transport/4.1.13.Final/netty-transport-4.1.13.Final.pom
2017-10-13 11:53:58,054 [Worker-708] INFO  o.e.m.c.i.e.AbstractTransferListenerAdapter - Downloaded https://repo.maven.apache.org/maven2/io/netty/netty-transport/4.1.13.Final/netty-transport-4.1.13.Final.pom
2017-10-13 11:53:58,072 [Worker-708] INFO  o.e.m.c.i.e.AbstractTransferListenerAdapter - Downloading https://repo.maven.apache.org/maven2/io/netty/netty-buffer/4.1.13.Final/netty-buffer-4.1.13.Final.pom
2017-10-13 11:53:58,089 [Worker-708] INFO  o.e.m.c.i.e.AbstractTransferListenerAdapter - Downloaded https://repo.maven.apache.org/maven2/io/netty/netty-buffer/4.1.13.Final/netty-buffer-4.1.13.Final.pom
2017-10-13 11:53:58,110 [Worker-708] INFO  o.e.m.c.i.e.AbstractTransferListenerAdapter - Downloading https://repo.maven.apache.org/maven2/io/netty/netty-common/4.1.13.Final/netty-common-4.1.13.Final.pom
2017-10-13 11:53:58,129 [Worker-708] INFO  o.e.m.c.i.e.AbstractTransferListenerAdapter - Downloaded https://repo.maven.apache.org/maven2/io/netty/netty-common/4.1.13.Final/netty-common-4.1.13.Final.pom
2017-10-13 11:53:58,152 [Worker-708] INFO  o.e.m.c.i.e.AbstractTransferListenerAdapter - Downloading https://repo.maven.apache.org/maven2/io/netty/netty-resolver/4.1.13.Final/netty-resolver-4.1.13.Final.pom
2017-10-13 11:53:58,167 [Worker-708] INFO  o.e.m.c.i.e.AbstractTransferListenerAdapter - Downloaded https://repo.maven.apache.org/maven2/io/netty/netty-resolver/4.1.13.Final/netty-resolver-4.1.13.Final.pom
2017-10-13 11:53:58,186 [Worker-708] INFO  o.e.m.c.i.e.AbstractTransferListenerAdapter - Downloading https://repo.maven.apache.org/maven2/io/netty/netty-handler/4.1.13.Final/netty-handler-4.1.13.Final.pom
2017-10-13 11:53:58,201 [Worker-708] INFO  o.e.m.c.i.e.AbstractTransferListenerAdapter - Downloaded https://repo.maven.apache.org/maven2/io/netty/netty-handler/4.1.13.Final/netty-handler-4.1.13.Final.pom
2017-10-13 11:53:58,269 [Worker-708] INFO  o.e.m.c.i.e.AbstractTransferListenerAdapter - Downloading https://repo.maven.apache.org/maven2/org/bouncycastle/bcpkix-jdk15on/1.57/bcpkix-jdk15on-1.57.pom
2017-10-13 11:53:58,327 [Worker-708] INFO  o.e.m.c.i.e.AbstractTransferListenerAdapter - Downloaded https://repo.maven.apache.org/maven2/org/bouncycastle/bcpkix-jdk15on/1.57/bcpkix-jdk15on-1.57.pom
2017-10-13 11:53:58,387 [Worker-708] INFO  o.e.m.c.i.e.AbstractTransferListenerAdapter - Downloading https://repo.maven.apache.org/maven2/org/bouncycastle/bcprov-jdk15on/1.57/bcprov-jdk15on-1.57.pom
2017-10-13 11:53:58,448 [Worker-708] INFO  o.e.m.c.i.e.AbstractTransferListenerAdapter - Downloaded https://repo.maven.apache.org/maven2/org/bouncycastle/bcprov-jdk15on/1.57/bcprov-jdk15on-1.57.pom
2017-10-13 11:53:58,483 [Worker-708] INFO  o.e.m.c.i.e.AbstractTransferListenerAdapter - Downloading https://repo.maven.apache.org/maven2/commons-cli/commons-cli/1.4/commons-cli-1.4.pom
2017-10-13 11:53:58,550 [Worker-708] INFO  o.e.m.c.i.e.AbstractTransferListenerAdapter - Downloaded https://repo.maven.apache.org/maven2/commons-cli/commons-cli/1.4/commons-cli-1.4.pom
2017-10-13 11:53:58,569 [Worker-708] INFO  o.e.m.c.i.e.AbstractTransferListenerAdapter - Downloading https://repo.maven.apache.org/maven2/org/apache/commons/commons-parent/42/commons-parent-42.pom
2017-10-13 11:53:58,602 [Worker-708] INFO  o.e.m.c.i.e.AbstractTransferListenerAdapter - Downloaded https://repo.maven.apache.org/maven2/org/apache/commons/commons-parent/42/commons-parent-42.pom
2017-10-13 11:53:58,678 [Worker-708] INFO  o.e.m.c.i.e.AbstractTransferListenerAdapter - Downloading https://repo.maven.apache.org/maven2/org/apache/commons/commons-compress/1.14/commons-compress-1.14.pom
2017-10-13 11:53:58,738 [Worker-708] INFO  o.e.m.c.i.e.AbstractTransferListenerAdapter - Downloaded https://repo.maven.apache.org/maven2/org/apache/commons/commons-compress/1.14/commons-compress-1.14.pom
2017-10-13 11:53:58,775 [Worker-708] INFO  o.e.m.c.i.e.AbstractTransferListenerAdapter - Downloading https://repo.maven.apache.org/maven2/org/apache/httpcomponents/httpclient/4.5.3/httpclient-4.5.3.pom
2017-10-13 11:53:58,793 [Worker-708] INFO  o.e.m.c.i.e.AbstractTransferListenerAdapter - Downloaded https://repo.maven.apache.org/maven2/org/apache/httpcomponents/httpclient/4.5.3/httpclient-4.5.3.pom
2017-10-13 11:53:58,809 [Worker-708] INFO  o.e.m.c.i.e.AbstractTransferListenerAdapter - Downloading https://repo.maven.apache.org/maven2/org/apache/httpcomponents/httpcomponents-client/4.5.3/httpcomponents-client-4.5.3.pom
2017-10-13 11:53:58,828 [Worker-708] INFO  o.e.m.c.i.e.AbstractTransferListenerAdapter - Downloaded https://repo.maven.apache.org/maven2/org/apache/httpcomponents/httpcomponents-client/4.5.3/httpcomponents-client-4.5.3.pom
2017-10-13 11:53:58,850 [Worker-708] INFO  o.e.m.c.i.e.AbstractTransferListenerAdapter - Downloading https://repo.maven.apache.org/maven2/org/apache/httpcomponents/httpcore/4.4.6/httpcore-4.4.6.pom
2017-10-13 11:53:58,868 [Worker-708] INFO  o.e.m.c.i.e.AbstractTransferListenerAdapter - Downloaded https://repo.maven.apache.org/maven2/org/apache/httpcomponents/httpcore/4.4.6/httpcore-4.4.6.pom
2017-10-13 11:53:58,892 [Worker-708] INFO  o.e.m.c.i.e.AbstractTransferListenerAdapter - Downloading https://repo.maven.apache.org/maven2/org/apache/httpcomponents/httpcomponents-core/4.4.6/httpcomponents-core-4.4.6.pom
2017-10-13 11:53:58,914 [Worker-708] INFO  o.e.m.c.i.e.AbstractTransferListenerAdapter - Downloaded https://repo.maven.apache.org/maven2/org/apache/httpcomponents/httpcomponents-core/4.4.6/httpcomponents-core-4.4.6.pom
2017-10-13 11:53:58,984 [Worker-708] INFO  o.e.m.c.i.e.AbstractTransferListenerAdapter - Downloading https://repo.maven.apache.org/maven2/org/glassfish/javax.json/1.1/javax.json-1.1.pom
2017-10-13 11:53:59,046 [Worker-708] INFO  o.e.m.c.i.e.AbstractTransferListenerAdapter - Downloaded https://repo.maven.apache.org/maven2/org/glassfish/javax.json/1.1/javax.json-1.1.pom
2017-10-13 11:53:59,105 [Worker-708] INFO  o.e.m.c.i.e.AbstractTransferListenerAdapter - Downloading https://repo.maven.apache.org/maven2/org/glassfish/json/1.1/json-1.1.pom
2017-10-13 11:53:59,168 [Worker-708] INFO  o.e.m.c.i.e.AbstractTransferListenerAdapter - Downloaded https://repo.maven.apache.org/maven2/org/glassfish/json/1.1/json-1.1.pom
2017-10-13 11:53:59,185 [Worker-708] INFO  o.e.m.c.i.e.AbstractTransferListenerAdapter - Downloading https://repo.maven.apache.org/maven2/net/java/jvnet-parent/5/jvnet-parent-5.pom
2017-10-13 11:53:59,202 [Worker-708] INFO  o.e.m.c.i.e.AbstractTransferListenerAdapter - Downloaded https://repo.maven.apache.org/maven2/net/java/jvnet-parent/5/jvnet-parent-5.pom
2017-10-13 11:53:59,220 [Worker-708] INFO  o.e.m.c.i.e.AbstractTransferListenerAdapter - Downloading https://repo.maven.apache.org/maven2/org/yaml/snakeyaml/1.18/snakeyaml-1.18.pom
2017-10-13 11:53:59,287 [Worker-708] INFO  o.e.m.c.i.e.AbstractTransferListenerAdapter - Downloaded https://repo.maven.apache.org/maven2/org/yaml/snakeyaml/1.18/snakeyaml-1.18.pom
2017-10-13 11:53:59,406 [Worker-708] WARN  o.e.m.c.i.embedder.EclipseLogger - Using platform encoding (UTF-8 actually) to copy filtered resources, i.e. build is platform dependent!
2017-10-13 11:53:59,407 [Worker-708] INFO  o.e.m.c.i.embedder.EclipseLogger - Copying 0 resource
2017-10-13 11:53:59,409 [Worker-708] WARN  o.e.m.c.i.embedder.EclipseLogger - Using platform encoding (UTF-8 actually) to copy filtered resources, i.e. build is platform dependent!
2017-10-13 11:53:59,409 [Worker-708] INFO  o.e.m.c.i.embedder.EclipseLogger - Copying 0 resource
2017-10-13 11:56:29,733 [Worker-704] WARN  o.e.m.c.i.embedder.EclipseLogger - Using platform encoding (UTF-8 actually) to copy filtered resources, i.e. build is platform dependent!
2017-10-13 11:56:29,734 [Worker-704] INFO  o.e.m.c.i.embedder.EclipseLogger - Copying 0 resource
2017-10-13 11:56:29,736 [Worker-704] WARN  o.e.m.c.i.embedder.EclipseLogger - Using platform encoding (UTF-8 actually) to copy filtered resources, i.e. build is platform dependent!
2017-10-13 11:56:29,737 [Worker-704] INFO  o.e.m.c.i.embedder.EclipseLogger - Copying 0 resource
2017-10-13 11:56:49,658 [Worker-702] WARN  o.e.m.c.i.embedder.EclipseLogger - Using platform encoding (UTF-8 actually) to copy filtered resources, i.e. build is platform dependent!
2017-10-13 11:56:49,661 [Worker-702] INFO  o.e.m.c.i.embedder.EclipseLogger - Copying 0 resource
2017-10-13 11:56:49,663 [Worker-702] WARN  o.e.m.c.i.embedder.EclipseLogger - Using platform encoding (UTF-8 actually) to copy filtered resources, i.e. build is platform dependent!
2017-10-13 11:56:49,664 [Worker-702] INFO  o.e.m.c.i.embedder.EclipseLogger - Copying 0 resource
2017-10-13 11:58:16,851 [Worker-709] WARN  o.e.m.c.i.embedder.EclipseLogger - Using platform encoding (UTF-8 actually) to copy filtered resources, i.e. build is platform dependent!
2017-10-13 11:58:16,852 [Worker-709] INFO  o.e.m.c.i.embedder.EclipseLogger - Copying 0 resource
2017-10-13 11:58:16,853 [Worker-709] WARN  o.e.m.c.i.embedder.EclipseLogger - Using platform encoding (UTF-8 actually) to copy filtered resources, i.e. build is platform dependent!
2017-10-13 11:58:16,854 [Worker-709] INFO  o.e.m.c.i.embedder.EclipseLogger - Copying 0 resource
2017-10-13 11:58:57,634 [Worker-704] WARN  o.e.m.c.i.embedder.EclipseLogger - Using platform encoding (UTF-8 actually) to copy filtered resources, i.e. build is platform dependent!
2017-10-13 11:58:57,635 [Worker-704] INFO  o.e.m.c.i.embedder.EclipseLogger - Copying 0 resource
2017-10-13 11:58:57,637 [Worker-704] WARN  o.e.m.c.i.embedder.EclipseLogger - Using platform encoding (UTF-8 actually) to copy filtered resources, i.e. build is platform dependent!
2017-10-13 11:58:57,637 [Worker-704] INFO  o.e.m.c.i.embedder.EclipseLogger - Copying 0 resource
2017-10-13 11:59:25,144 [Worker-709] WARN  o.e.m.c.i.embedder.EclipseLogger - Using platform encoding (UTF-8 actually) to copy filtered resources, i.e. build is platform dependent!
2017-10-13 11:59:25,149 [Worker-709] INFO  o.e.m.c.i.embedder.EclipseLogger - Copying 0 resource
2017-10-13 11:59:25,149 [Worker-709] WARN  o.e.m.c.i.embedder.EclipseLogger - Using platform encoding (UTF-8 actually) to copy filtered resources, i.e. build is platform dependent!
2017-10-13 11:59:25,150 [Worker-709] INFO  o.e.m.c.i.embedder.EclipseLogger - Copying 0 resource
2017-10-13 12:00:42,750 [Worker-704] ERROR o.e.m.j.i.l.MavenLaunchConfigurationListener - Launch configuration HyperLedger references non-existing project PomExample.
org.eclipse.core.runtime.CoreException: Launch configuration HyperLedger references non-existing project PomExample.
	at org.eclipse.jdt.launching.JavaRuntime.abort(JavaRuntime.java:1408) ~[org.eclipse.jdt.launching_3.8.100.v20160505-0636.jar:na]
	at org.eclipse.jdt.launching.JavaRuntime.getJavaProject(JavaRuntime.java:1283) ~[org.eclipse.jdt.launching_3.8.100.v20160505-0636.jar:na]
	at org.eclipse.m2e.jdt.internal.launch.MavenLaunchConfigurationListener.updateLaunchConfiguration(MavenLaunchConfigurationListener.java:53) [org.eclipse.m2e.jdt_1.7.0.20160603-1933.jar:na]
	at org.eclipse.m2e.jdt.internal.launch.MavenLaunchConfigurationListener.launchConfigurationChanged(MavenLaunchConfigurationListener.java:38) [org.eclipse.m2e.jdt_1.7.0.20160603-1933.jar:na]
	at org.eclipse.debug.internal.core.LaunchManager$ConfigurationNotifier.run(LaunchManager.java:226) [org.eclipse.debug.core_3.10.100.v20160419-1720.jar:na]
	at org.eclipse.core.runtime.SafeRunner.run(SafeRunner.java:42) [org.eclipse.equinox.common_3.8.0.v20160509-1230.jar:na]
	at org.eclipse.debug.internal.core.LaunchManager$ConfigurationNotifier.notify(LaunchManager.java:207) [org.eclipse.debug.core_3.10.100.v20160419-1720.jar:na]
	at org.eclipse.debug.internal.core.LaunchConfigurationWorkingCopy.setDirty(LaunchConfigurationWorkingCopy.java:552) [org.eclipse.debug.core_3.10.100.v20160419-1720.jar:na]
	at org.eclipse.debug.internal.core.LaunchConfigurationWorkingCopy.setAttribute(LaunchConfigurationWorkingCopy.java:425) [org.eclipse.debug.core_3.10.100.v20160419-1720.jar:na]
	at org.eclipse.m2e.jdt.internal.launch.MavenRuntimeClasspathProvider.disable(MavenRuntimeClasspathProvider.java:309) [org.eclipse.m2e.jdt_1.7.0.20160603-1933.jar:na]
	at org.eclipse.m2e.jdt.internal.launch.MavenRuntimeClasspathProvider.disable(MavenRuntimeClasspathProvider.java:335) [org.eclipse.m2e.jdt_1.7.0.20160603-1933.jar:na]
	at org.eclipse.m2e.jdt.internal.launch.MavenLaunchConfigurationListener.mavenProjectChanged(MavenLaunchConfigurationListener.java:70) [org.eclipse.m2e.jdt_1.7.0.20160603-1933.jar:na]
	at org.eclipse.m2e.core.internal.project.registry.ProjectRegistryManager.notifyProjectChangeListeners(ProjectRegistryManager.java:783) [org.eclipse.m2e.core_1.7.0.20160603-1933.jar:na]
	at org.eclipse.m2e.core.internal.project.registry.ProjectRegistryManager.applyMutableProjectRegistry(ProjectRegistryManager.java:930) [org.eclipse.m2e.core_1.7.0.20160603-1933.jar:na]
	at org.eclipse.m2e.core.internal.project.registry.ProjectRegistryRefreshJob$1.call(ProjectRegistryRefreshJob.java:98) [org.eclipse.m2e.core_1.7.0.20160603-1933.jar:na]
	at org.eclipse.m2e.core.internal.project.registry.ProjectRegistryRefreshJob$1.call(ProjectRegistryRefreshJob.java:1) [org.eclipse.m2e.core_1.7.0.20160603-1933.jar:na]
	at org.eclipse.m2e.core.internal.embedder.MavenExecutionContext.executeBare(MavenExecutionContext.java:176) [org.eclipse.m2e.core_1.7.0.20160603-1933.jar:na]
	at org.eclipse.m2e.core.internal.embedder.MavenExecutionContext.execute(MavenExecutionContext.java:151) [org.eclipse.m2e.core_1.7.0.20160603-1933.jar:na]
	at org.eclipse.m2e.core.internal.embedder.MavenExecutionContext.execute(MavenExecutionContext.java:99) [org.eclipse.m2e.core_1.7.0.20160603-1933.jar:na]
	at org.eclipse.m2e.core.internal.embedder.MavenImpl.execute(MavenImpl.java:1355) [org.eclipse.m2e.core_1.7.0.20160603-1933.jar:na]
	at org.eclipse.m2e.core.internal.project.registry.ProjectRegistryRefreshJob.run(ProjectRegistryRefreshJob.java:81) [org.eclipse.m2e.core_1.7.0.20160603-1933.jar:na]
	at org.eclipse.core.internal.jobs.Worker.run(Worker.java:55) [org.eclipse.core.jobs_3.8.0.v20160509-0411.jar:na]
2017-10-13 12:00:42,754 [Worker-704] ERROR o.e.m.j.i.l.MavenLaunchConfigurationListener - Launch configuration HyperLedger references non-existing project PomExample.
org.eclipse.core.runtime.CoreException: Launch configuration HyperLedger references non-existing project PomExample.
	at org.eclipse.jdt.launching.JavaRuntime.abort(JavaRuntime.java:1408) ~[org.eclipse.jdt.launching_3.8.100.v20160505-0636.jar:na]
	at org.eclipse.jdt.launching.JavaRuntime.getJavaProject(JavaRuntime.java:1283) ~[org.eclipse.jdt.launching_3.8.100.v20160505-0636.jar:na]
	at org.eclipse.m2e.jdt.internal.launch.MavenLaunchConfigurationListener.updateLaunchConfiguration(MavenLaunchConfigurationListener.java:53) [org.eclipse.m2e.jdt_1.7.0.20160603-1933.jar:na]
	at org.eclipse.m2e.jdt.internal.launch.MavenLaunchConfigurationListener.launchConfigurationChanged(MavenLaunchConfigurationListener.java:38) [org.eclipse.m2e.jdt_1.7.0.20160603-1933.jar:na]
	at org.eclipse.debug.internal.core.LaunchManager$ConfigurationNotifier.run(LaunchManager.java:226) [org.eclipse.debug.core_3.10.100.v20160419-1720.jar:na]
	at org.eclipse.core.runtime.SafeRunner.run(SafeRunner.java:42) [org.eclipse.equinox.common_3.8.0.v20160509-1230.jar:na]
	at org.eclipse.debug.internal.core.LaunchManager$ConfigurationNotifier.notify(LaunchManager.java:207) [org.eclipse.debug.core_3.10.100.v20160419-1720.jar:na]
	at org.eclipse.debug.internal.core.LaunchConfigurationWorkingCopy.setDirty(LaunchConfigurationWorkingCopy.java:552) [org.eclipse.debug.core_3.10.100.v20160419-1720.jar:na]
	at org.eclipse.debug.internal.core.LaunchConfigurationWorkingCopy.setAttribute(LaunchConfigurationWorkingCopy.java:425) [org.eclipse.debug.core_3.10.100.v20160419-1720.jar:na]
	at org.eclipse.m2e.jdt.internal.launch.MavenRuntimeClasspathProvider.disable(MavenRuntimeClasspathProvider.java:310) [org.eclipse.m2e.jdt_1.7.0.20160603-1933.jar:na]
	at org.eclipse.m2e.jdt.internal.launch.MavenRuntimeClasspathProvider.disable(MavenRuntimeClasspathProvider.java:335) [org.eclipse.m2e.jdt_1.7.0.20160603-1933.jar:na]
	at org.eclipse.m2e.jdt.internal.launch.MavenLaunchConfigurationListener.mavenProjectChanged(MavenLaunchConfigurationListener.java:70) [org.eclipse.m2e.jdt_1.7.0.20160603-1933.jar:na]
	at org.eclipse.m2e.core.internal.project.registry.ProjectRegistryManager.notifyProjectChangeListeners(ProjectRegistryManager.java:783) [org.eclipse.m2e.core_1.7.0.20160603-1933.jar:na]
	at org.eclipse.m2e.core.internal.project.registry.ProjectRegistryManager.applyMutableProjectRegistry(ProjectRegistryManager.java:930) [org.eclipse.m2e.core_1.7.0.20160603-1933.jar:na]
	at org.eclipse.m2e.core.internal.project.registry.ProjectRegistryRefreshJob$1.call(ProjectRegistryRefreshJob.java:98) [org.eclipse.m2e.core_1.7.0.20160603-1933.jar:na]
	at org.eclipse.m2e.core.internal.project.registry.ProjectRegistryRefreshJob$1.call(ProjectRegistryRefreshJob.java:1) [org.eclipse.m2e.core_1.7.0.20160603-1933.jar:na]
	at org.eclipse.m2e.core.internal.embedder.MavenExecutionContext.executeBare(MavenExecutionContext.java:176) [org.eclipse.m2e.core_1.7.0.20160603-1933.jar:na]
	at org.eclipse.m2e.core.internal.embedder.MavenExecutionContext.execute(MavenExecutionContext.java:151) [org.eclipse.m2e.core_1.7.0.20160603-1933.jar:na]
	at org.eclipse.m2e.core.internal.embedder.MavenExecutionContext.execute(MavenExecutionContext.java:99) [org.eclipse.m2e.core_1.7.0.20160603-1933.jar:na]
	at org.eclipse.m2e.core.internal.embedder.MavenImpl.execute(MavenImpl.java:1355) [org.eclipse.m2e.core_1.7.0.20160603-1933.jar:na]
	at org.eclipse.m2e.core.internal.project.registry.ProjectRegistryRefreshJob.run(ProjectRegistryRefreshJob.java:81) [org.eclipse.m2e.core_1.7.0.20160603-1933.jar:na]
	at org.eclipse.core.internal.jobs.Worker.run(Worker.java:55) [org.eclipse.core.jobs_3.8.0.v20160509-0411.jar:na]
2017-10-13 12:00:42,756 [Worker-704] ERROR o.e.m.j.i.l.MavenLaunchConfigurationListener - Launch configuration HyperLedger references non-existing project PomExample.
org.eclipse.core.runtime.CoreException: Launch configuration HyperLedger references non-existing project PomExample.
	at org.eclipse.jdt.launching.JavaRuntime.abort(JavaRuntime.java:1408) ~[org.eclipse.jdt.launching_3.8.100.v20160505-0636.jar:na]
	at org.eclipse.jdt.launching.JavaRuntime.getJavaProject(JavaRuntime.java:1283) ~[org.eclipse.jdt.launching_3.8.100.v20160505-0636.jar:na]
	at org.eclipse.m2e.jdt.internal.launch.MavenLaunchConfigurationListener.updateLaunchConfiguration(MavenLaunchConfigurationListener.java:53) [org.eclipse.m2e.jdt_1.7.0.20160603-1933.jar:na]
	at org.eclipse.m2e.jdt.internal.launch.MavenLaunchConfigurationListener.launchConfigurationChanged(MavenLaunchConfigurationListener.java:38) [org.eclipse.m2e.jdt_1.7.0.20160603-1933.jar:na]
	at org.eclipse.debug.internal.core.LaunchManager$ConfigurationNotifier.run(LaunchManager.java:226) [org.eclipse.debug.core_3.10.100.v20160419-1720.jar:na]
	at org.eclipse.core.runtime.SafeRunner.run(SafeRunner.java:42) [org.eclipse.equinox.common_3.8.0.v20160509-1230.jar:na]
	at org.eclipse.debug.internal.core.LaunchManager$ConfigurationNotifier.notify(LaunchManager.java:207) [org.eclipse.debug.core_3.10.100.v20160419-1720.jar:na]
	at org.eclipse.debug.internal.core.LaunchManager.launchConfigurationChanged(LaunchManager.java:2161) [org.eclipse.debug.core_3.10.100.v20160419-1720.jar:na]
	at org.eclipse.debug.internal.core.LaunchConfigurationWorkingCopy.writeNewFile(LaunchConfigurationWorkingCopy.java:384) [org.eclipse.debug.core_3.10.100.v20160419-1720.jar:na]
	at org.eclipse.debug.internal.core.LaunchConfigurationWorkingCopy.doSave0(LaunchConfigurationWorkingCopy.java:250) [org.eclipse.debug.core_3.10.100.v20160419-1720.jar:na]
	at org.eclipse.debug.internal.core.LaunchConfigurationWorkingCopy.doSave(LaunchConfigurationWorkingCopy.java:220) [org.eclipse.debug.core_3.10.100.v20160419-1720.jar:na]
	at org.eclipse.debug.internal.core.LaunchConfigurationWorkingCopy.doSave(LaunchConfigurationWorkingCopy.java:173) [org.eclipse.debug.core_3.10.100.v20160419-1720.jar:na]
	at org.eclipse.m2e.jdt.internal.launch.MavenRuntimeClasspathProvider.disable(MavenRuntimeClasspathProvider.java:311) [org.eclipse.m2e.jdt_1.7.0.20160603-1933.jar:na]
	at org.eclipse.m2e.jdt.internal.launch.MavenRuntimeClasspathProvider.disable(MavenRuntimeClasspathProvider.java:335) [org.eclipse.m2e.jdt_1.7.0.20160603-1933.jar:na]
	at org.eclipse.m2e.jdt.internal.launch.MavenLaunchConfigurationListener.mavenProjectChanged(MavenLaunchConfigurationListener.java:70) [org.eclipse.m2e.jdt_1.7.0.20160603-1933.jar:na]
	at org.eclipse.m2e.core.internal.project.registry.ProjectRegistryManager.notifyProjectChangeListeners(ProjectRegistryManager.java:783) [org.eclipse.m2e.core_1.7.0.20160603-1933.jar:na]
	at org.eclipse.m2e.core.internal.project.registry.ProjectRegistryManager.applyMutableProjectRegistry(ProjectRegistryManager.java:930) [org.eclipse.m2e.core_1.7.0.20160603-1933.jar:na]
	at org.eclipse.m2e.core.internal.project.registry.ProjectRegistryRefreshJob$1.call(ProjectRegistryRefreshJob.java:98) [org.eclipse.m2e.core_1.7.0.20160603-1933.jar:na]
	at org.eclipse.m2e.core.internal.project.registry.ProjectRegistryRefreshJob$1.call(ProjectRegistryRefreshJob.java:1) [org.eclipse.m2e.core_1.7.0.20160603-1933.jar:na]
	at org.eclipse.m2e.core.internal.embedder.MavenExecutionContext.executeBare(MavenExecutionContext.java:176) [org.eclipse.m2e.core_1.7.0.20160603-1933.jar:na]
	at org.eclipse.m2e.core.internal.embedder.MavenExecutionContext.execute(MavenExecutionContext.java:151) [org.eclipse.m2e.core_1.7.0.20160603-1933.jar:na]
	at org.eclipse.m2e.core.internal.embedder.MavenExecutionContext.execute(MavenExecutionContext.java:99) [org.eclipse.m2e.core_1.7.0.20160603-1933.jar:na]
	at org.eclipse.m2e.core.internal.embedder.MavenImpl.execute(MavenImpl.java:1355) [org.eclipse.m2e.core_1.7.0.20160603-1933.jar:na]
	at org.eclipse.m2e.core.internal.project.registry.ProjectRegistryRefreshJob.run(ProjectRegistryRefreshJob.java:81) [org.eclipse.m2e.core_1.7.0.20160603-1933.jar:na]
	at org.eclipse.core.internal.jobs.Worker.run(Worker.java:55) [org.eclipse.core.jobs_3.8.0.v20160509-0411.jar:na]
2017-10-13 12:03:33,234 [Worker-709] INFO  o.e.m.c.i.l.LifecycleMappingFactory - Using org.eclipse.m2e.jdt.JarLifecycleMapping lifecycle mapping for MavenProject: Pom:HyperLedger:0.0.1-SNAPSHOT @ /Users/marilynwaldman/CourseraAlgorithms/HyperLedger/pom.xml.
2017-10-13 12:03:33,286 [Worker-709] INFO  o.e.m.j.i.AbstractJavaProjectConfigurator - Adding source folder /HyperLedger/src/main/java
2017-10-13 12:03:33,287 [Worker-709] INFO  o.e.m.j.i.AbstractJavaProjectConfigurator - Adding resource folder /HyperLedger/src/main/resources
2017-10-13 12:03:33,287 [Worker-709] INFO  o.e.m.j.i.AbstractJavaProjectConfigurator - Adding source folder /HyperLedger/src/test/java
2017-10-13 12:03:33,287 [Worker-709] INFO  o.e.m.j.i.AbstractJavaProjectConfigurator - Adding resource folder /HyperLedger/src/test/resources
2017-10-13 12:03:33,576 [Worker-702] WARN  o.e.m.c.i.embedder.EclipseLogger - Using platform encoding (UTF-8 actually) to copy filtered resources, i.e. build is platform dependent!
2017-10-13 12:03:33,577 [Worker-702] INFO  o.e.m.c.i.embedder.EclipseLogger - Copying 0 resource
2017-10-13 12:03:33,578 [Worker-702] WARN  o.e.m.c.i.embedder.EclipseLogger - Using platform encoding (UTF-8 actually) to copy filtered resources, i.e. build is platform dependent!
2017-10-13 12:03:33,578 [Worker-702] INFO  o.e.m.c.i.embedder.EclipseLogger - Copying 0 resource
2017-10-13 12:03:54,697 [Worker-708] WARN  o.e.m.c.i.embedder.EclipseLogger - Using platform encoding (UTF-8 actually) to copy filtered resources, i.e. build is platform dependent!
2017-10-13 12:03:54,699 [Worker-708] INFO  o.e.m.c.i.embedder.EclipseLogger - Copying 0 resource
2017-10-13 12:03:54,700 [Worker-708] WARN  o.e.m.c.i.embedder.EclipseLogger - Using platform encoding (UTF-8 actually) to copy filtered resources, i.e. build is platform dependent!
2017-10-13 12:03:54,701 [Worker-708] INFO  o.e.m.c.i.embedder.EclipseLogger - Copying 0 resource
2017-10-13 12:04:12,768 [Worker-707] WARN  o.e.m.c.i.embedder.EclipseLogger - Using platform encoding (UTF-8 actually) to copy filtered resources, i.e. build is platform dependent!
2017-10-13 12:04:12,770 [Worker-707] INFO  o.e.m.c.i.embedder.EclipseLogger - Copying 0 resource
2017-10-13 12:04:12,771 [Worker-707] WARN  o.e.m.c.i.embedder.EclipseLogger - Using platform encoding (UTF-8 actually) to copy filtered resources, i.e. build is platform dependent!
2017-10-13 12:04:12,772 [Worker-707] INFO  o.e.m.c.i.embedder.EclipseLogger - Copying 0 resource
2017-10-13 12:04:42,909 [Worker-709] INFO  o.e.m.c.i.l.LifecycleMappingFactory - Using org.eclipse.m2e.jdt.JarLifecycleMapping lifecycle mapping for MavenProject: Pom:HyperLedger:0.0.1-SNAPSHOT @ /Users/marilynwaldman/CourseraAlgorithms/HyperLedger/pom.xml.
2017-10-13 12:04:43,215 [Worker-709] WARN  o.e.m.c.i.embedder.EclipseLogger - Using platform encoding (UTF-8 actually) to copy filtered resources, i.e. build is platform dependent!
2017-10-13 12:04:43,216 [Worker-709] INFO  o.e.m.c.i.embedder.EclipseLogger - Copying 0 resource
2017-10-13 12:04:43,218 [Worker-709] WARN  o.e.m.c.i.embedder.EclipseLogger - Using platform encoding (UTF-8 actually) to copy filtered resources, i.e. build is platform dependent!
2017-10-13 12:04:43,218 [Worker-709] INFO  o.e.m.c.i.embedder.EclipseLogger - Copying 0 resource
2017-10-13 12:05:35,185 [Worker-707] WARN  o.e.m.c.i.embedder.EclipseLogger - Using platform encoding (UTF-8 actually) to copy filtered resources, i.e. build is platform dependent!
2017-10-13 12:05:35,187 [Worker-707] INFO  o.e.m.c.i.embedder.EclipseLogger - Copying 0 resource
2017-10-13 12:05:35,192 [Worker-707] WARN  o.e.m.c.i.embedder.EclipseLogger - Using platform encoding (UTF-8 actually) to copy filtered resources, i.e. build is platform dependent!
2017-10-13 12:05:35,192 [Worker-707] INFO  o.e.m.c.i.embedder.EclipseLogger - Copying 0 resource
2017-10-13 12:07:37,629 [Worker-708] ERROR o.e.m.c.embedder.MavenModelManager - Project read error
org.eclipse.aether.collection.DependencyCollectionException: Failed to collect dependencies at org.hyperledger.fabric-sdk-java:fabric-sdk-java:jar:1.0.1 -> io.grpc:grpc-netty:jar:1.5.0 -> io.grpc:grpc-core:jar:[1.5.0]
	at org.eclipse.aether.internal.impl.DefaultDependencyCollector.collectDependencies(DefaultDependencyCollector.java:291) ~[aether-impl-1.0.2.v20150114.jar:na]
	at org.eclipse.aether.internal.impl.DefaultRepositorySystem.collectDependencies(DefaultRepositorySystem.java:316) ~[aether-impl-1.0.2.v20150114.jar:na]
	at org.eclipse.m2e.core.embedder.MavenModelManager.readDependencyTree(MavenModelManager.java:230) [org.eclipse.m2e.core_1.7.0.20160603-1933.jar:na]
	at org.eclipse.m2e.core.embedder.MavenModelManager$1.call(MavenModelManager.java:187) [org.eclipse.m2e.core_1.7.0.20160603-1933.jar:na]
	at org.eclipse.m2e.core.embedder.MavenModelManager$1.call(MavenModelManager.java:1) [org.eclipse.m2e.core_1.7.0.20160603-1933.jar:na]
	at org.eclipse.m2e.core.internal.embedder.MavenExecutionContext.executeBare(MavenExecutionContext.java:176) [org.eclipse.m2e.core_1.7.0.20160603-1933.jar:na]
	at org.eclipse.m2e.core.internal.embedder.MavenExecutionContext.execute(MavenExecutionContext.java:112) [org.eclipse.m2e.core_1.7.0.20160603-1933.jar:na]
	at org.eclipse.m2e.core.internal.project.registry.MavenProjectManager$1.call(MavenProjectManager.java:124) [org.eclipse.m2e.core_1.7.0.20160603-1933.jar:na]
	at org.eclipse.m2e.core.internal.embedder.MavenExecutionContext.executeBare(MavenExecutionContext.java:176) [org.eclipse.m2e.core_1.7.0.20160603-1933.jar:na]
	at org.eclipse.m2e.core.internal.embedder.MavenExecutionContext.execute(MavenExecutionContext.java:151) [org.eclipse.m2e.core_1.7.0.20160603-1933.jar:na]
	at org.eclipse.m2e.core.internal.embedder.MavenExecutionContext.execute(MavenExecutionContext.java:99) [org.eclipse.m2e.core_1.7.0.20160603-1933.jar:na]
	at org.eclipse.m2e.core.internal.project.registry.MavenProjectManager.execute(MavenProjectManager.java:122) [org.eclipse.m2e.core_1.7.0.20160603-1933.jar:na]
	at org.eclipse.m2e.core.embedder.MavenModelManager.readDependencyTree(MavenModelManager.java:191) [org.eclipse.m2e.core_1.7.0.20160603-1933.jar:na]
	at org.eclipse.m2e.editor.pom.MavenPomEditor.readDependencyTree(MavenPomEditor.java:687) [org.eclipse.m2e.editor_1.7.0.20160603-1933.jar:na]
	at org.eclipse.m2e.editor.pom.DependencyTreePage$1.run(DependencyTreePage.java:222) [org.eclipse.m2e.editor_1.7.0.20160603-1933.jar:na]
	at org.eclipse.core.internal.jobs.Worker.run(Worker.java:55) [org.eclipse.core.jobs_3.8.0.v20160509-0411.jar:na]
Caused by: org.eclipse.aether.resolution.VersionRangeResolutionException: No versions available for io.grpc:grpc-core:jar:[1.5.0] within specified range
	at org.eclipse.aether.internal.impl.DefaultDependencyCollector.filterVersions(DefaultDependencyCollector.java:648) ~[aether-impl-1.0.2.v20150114.jar:na]
	at org.eclipse.aether.internal.impl.DefaultDependencyCollector.processDependency(DefaultDependencyCollector.java:394) ~[aether-impl-1.0.2.v20150114.jar:na]
	at org.eclipse.aether.internal.impl.DefaultDependencyCollector.processDependency(DefaultDependencyCollector.java:363) ~[aether-impl-1.0.2.v20150114.jar:na]
	at org.eclipse.aether.internal.impl.DefaultDependencyCollector.process(DefaultDependencyCollector.java:351) ~[aether-impl-1.0.2.v20150114.jar:na]
	at org.eclipse.aether.internal.impl.DefaultDependencyCollector.doRecurse(DefaultDependencyCollector.java:504) ~[aether-impl-1.0.2.v20150114.jar:na]
	at org.eclipse.aether.internal.impl.DefaultDependencyCollector.processDependency(DefaultDependencyCollector.java:458) ~[aether-impl-1.0.2.v20150114.jar:na]
	at org.eclipse.aether.internal.impl.DefaultDependencyCollector.processDependency(DefaultDependencyCollector.java:363) ~[aether-impl-1.0.2.v20150114.jar:na]
	at org.eclipse.aether.internal.impl.DefaultDependencyCollector.process(DefaultDependencyCollector.java:351) ~[aether-impl-1.0.2.v20150114.jar:na]
	at org.eclipse.aether.internal.impl.DefaultDependencyCollector.doRecurse(DefaultDependencyCollector.java:504) ~[aether-impl-1.0.2.v20150114.jar:na]
	at org.eclipse.aether.internal.impl.DefaultDependencyCollector.processDependency(DefaultDependencyCollector.java:458) ~[aether-impl-1.0.2.v20150114.jar:na]
	at org.eclipse.aether.internal.impl.DefaultDependencyCollector.processDependency(DefaultDependencyCollector.java:363) ~[aether-impl-1.0.2.v20150114.jar:na]
	at org.eclipse.aether.internal.impl.DefaultDependencyCollector.process(DefaultDependencyCollector.java:351) ~[aether-impl-1.0.2.v20150114.jar:na]
	at org.eclipse.aether.internal.impl.DefaultDependencyCollector.collectDependencies(DefaultDependencyCollector.java:254) ~[aether-impl-1.0.2.v20150114.jar:na]
	... 15 common frames omitted
2017-10-13 12:07:37,646 [Worker-708] ERROR o.e.m.editor.pom.DependencyTreePage - Project read error
org.eclipse.core.runtime.CoreException: Project read error
	at org.eclipse.m2e.core.embedder.MavenModelManager.readDependencyTree(MavenModelManager.java:234) ~[na:na]
	at org.eclipse.m2e.core.embedder.MavenModelManager$1.call(MavenModelManager.java:187) ~[na:na]
	at org.eclipse.m2e.core.embedder.MavenModelManager$1.call(MavenModelManager.java:1) ~[na:na]
	at org.eclipse.m2e.core.internal.embedder.MavenExecutionContext.executeBare(MavenExecutionContext.java:176) ~[na:na]
	at org.eclipse.m2e.core.internal.embedder.MavenExecutionContext.execute(MavenExecutionContext.java:112) ~[na:na]
	at org.eclipse.m2e.core.internal.project.registry.MavenProjectManager$1.call(MavenProjectManager.java:124) ~[na:na]
	at org.eclipse.m2e.core.internal.embedder.MavenExecutionContext.executeBare(MavenExecutionContext.java:176) ~[na:na]
	at org.eclipse.m2e.core.internal.embedder.MavenExecutionContext.execute(MavenExecutionContext.java:151) ~[na:na]
	at org.eclipse.m2e.core.internal.embedder.MavenExecutionContext.execute(MavenExecutionContext.java:99) ~[na:na]
	at org.eclipse.m2e.core.internal.project.registry.MavenProjectManager.execute(MavenProjectManager.java:122) ~[na:na]
	at org.eclipse.m2e.core.embedder.MavenModelManager.readDependencyTree(MavenModelManager.java:191) ~[na:na]
	at org.eclipse.m2e.editor.pom.MavenPomEditor.readDependencyTree(MavenPomEditor.java:687) ~[na:na]
	at org.eclipse.m2e.editor.pom.DependencyTreePage$1.run(DependencyTreePage.java:222) ~[na:na]
	at org.eclipse.core.internal.jobs.Worker.run(Worker.java:55) [org.eclipse.core.jobs_3.8.0.v20160509-0411.jar:na]
Caused by: org.eclipse.aether.collection.DependencyCollectionException: Failed to collect dependencies at org.hyperledger.fabric-sdk-java:fabric-sdk-java:jar:1.0.1 -> io.grpc:grpc-netty:jar:1.5.0 -> io.grpc:grpc-core:jar:[1.5.0]
	at org.eclipse.aether.internal.impl.DefaultDependencyCollector.collectDependencies(DefaultDependencyCollector.java:291) ~[na:na]
	at org.eclipse.aether.internal.impl.DefaultRepositorySystem.collectDependencies(DefaultRepositorySystem.java:316) ~[na:na]
	at org.eclipse.m2e.core.embedder.MavenModelManager.readDependencyTree(MavenModelManager.java:230) ~[na:na]
	... 13 common frames omitted
Caused by: org.eclipse.aether.resolution.VersionRangeResolutionException: No versions available for io.grpc:grpc-core:jar:[1.5.0] within specified range
	at org.eclipse.aether.internal.impl.DefaultDependencyCollector.filterVersions(DefaultDependencyCollector.java:648) ~[na:na]
	at org.eclipse.aether.internal.impl.DefaultDependencyCollector.processDependency(DefaultDependencyCollector.java:394) ~[na:na]
	at org.eclipse.aether.internal.impl.DefaultDependencyCollector.processDependency(DefaultDependencyCollector.java:363) ~[na:na]
	at org.eclipse.aether.internal.impl.DefaultDependencyCollector.process(DefaultDependencyCollector.java:351) ~[na:na]
	at org.eclipse.aether.internal.impl.DefaultDependencyCollector.doRecurse(DefaultDependencyCollector.java:504) ~[na:na]
	at org.eclipse.aether.internal.impl.DefaultDependencyCollector.processDependency(DefaultDependencyCollector.java:458) ~[na:na]
	at org.eclipse.aether.internal.impl.DefaultDependencyCollector.processDependency(DefaultDependencyCollector.java:363) ~[na:na]
	at org.eclipse.aether.internal.impl.DefaultDependencyCollector.process(DefaultDependencyCollector.java:351) ~[na:na]
	at org.eclipse.aether.internal.impl.DefaultDependencyCollector.doRecurse(DefaultDependencyCollector.java:504) ~[na:na]
	at org.eclipse.aether.internal.impl.DefaultDependencyCollector.processDependency(DefaultDependencyCollector.java:458) ~[na:na]
	at org.eclipse.aether.internal.impl.DefaultDependencyCollector.processDependency(DefaultDependencyCollector.java:363) ~[na:na]
	at org.eclipse.aether.internal.impl.DefaultDependencyCollector.process(DefaultDependencyCollector.java:351) ~[na:na]
	at org.eclipse.aether.internal.impl.DefaultDependencyCollector.collectDependencies(DefaultDependencyCollector.java:254) ~[na:na]
	... 15 common frames omitted
2017-10-13 12:08:36,115 [Worker-702] INFO  o.e.m.c.i.l.LifecycleMappingFactory - Using org.eclipse.m2e.jdt.JarLifecycleMapping lifecycle mapping for MavenProject: Pom:HyperLedger:0.0.1-SNAPSHOT @ /Users/marilynwaldman/CourseraAlgorithms/HyperLedger/pom.xml.
2017-10-13 12:08:36,159 [Worker-702] WARN  o.e.m.c.i.embedder.EclipseLogger - Using platform encoding (UTF-8 actually) to copy filtered resources, i.e. build is platform dependent!
2017-10-13 12:08:36,162 [Worker-702] INFO  o.e.m.c.i.embedder.EclipseLogger - Copying 0 resource
2017-10-13 12:08:36,164 [Worker-702] WARN  o.e.m.c.i.embedder.EclipseLogger - Using platform encoding (UTF-8 actually) to copy filtered resources, i.e. build is platform dependent!
2017-10-13 12:08:36,165 [Worker-702] INFO  o.e.m.c.i.embedder.EclipseLogger - Copying 0 resource
2017-10-13 12:08:36,299 [Worker-699] WARN  o.e.m.c.i.embedder.EclipseLogger - Using platform encoding (UTF-8 actually) to copy filtered resources, i.e. build is platform dependent!
2017-10-13 12:08:36,299 [Worker-699] INFO  o.e.m.c.i.embedder.EclipseLogger - Copying 0 resource
2017-10-13 12:08:36,305 [Worker-699] WARN  o.e.m.c.i.embedder.EclipseLogger - Using platform encoding (UTF-8 actually) to copy filtered resources, i.e. build is platform dependent!
2017-10-13 12:08:36,306 [Worker-699] INFO  o.e.m.c.i.embedder.EclipseLogger - Copying 0 resource
2017-10-13 12:14:22,560 [Worker-702] INFO  o.e.m.c.i.l.LifecycleMappingFactory - Using org.eclipse.m2e.jdt.JarLifecycleMapping lifecycle mapping for MavenProject: Pom:HyperLedger:0.0.1-SNAPSHOT @ /Users/marilynwaldman/CourseraAlgorithms/HyperLedger/pom.xml.
2017-10-13 12:14:22,840 [Worker-702] WARN  o.e.m.c.i.embedder.EclipseLogger - Using platform encoding (UTF-8 actually) to copy filtered resources, i.e. build is platform dependent!
2017-10-13 12:14:22,841 [Worker-702] INFO  o.e.m.c.i.embedder.EclipseLogger - Copying 0 resource
2017-10-13 12:14:22,844 [Worker-702] WARN  o.e.m.c.i.embedder.EclipseLogger - Using platform encoding (UTF-8 actually) to copy filtered resources, i.e. build is platform dependent!
2017-10-13 12:14:22,844 [Worker-702] INFO  o.e.m.c.i.embedder.EclipseLogger - Copying 0 resource
2017-10-13 12:14:23,142 [Worker-702] ERROR o.e.m.c.embedder.MavenModelManager - Project read error
org.eclipse.aether.collection.DependencyCollectionException: Failed to collect dependencies at org.hyperledger.fabric-sdk-java:fabric-sdk-java:jar:1.0.1 -> io.grpc:grpc-netty:jar:1.5.0 -> io.grpc:grpc-core:jar:[1.5.0]
	at org.eclipse.aether.internal.impl.DefaultDependencyCollector.collectDependencies(DefaultDependencyCollector.java:291) ~[aether-impl-1.0.2.v20150114.jar:na]
	at org.eclipse.aether.internal.impl.DefaultRepositorySystem.collectDependencies(DefaultRepositorySystem.java:316) ~[aether-impl-1.0.2.v20150114.jar:na]
	at org.eclipse.m2e.core.embedder.MavenModelManager.readDependencyTree(MavenModelManager.java:230) [org.eclipse.m2e.core_1.7.0.20160603-1933.jar:na]
	at org.eclipse.m2e.core.embedder.MavenModelManager$1.call(MavenModelManager.java:187) [org.eclipse.m2e.core_1.7.0.20160603-1933.jar:na]
	at org.eclipse.m2e.core.embedder.MavenModelManager$1.call(MavenModelManager.java:1) [org.eclipse.m2e.core_1.7.0.20160603-1933.jar:na]
	at org.eclipse.m2e.core.internal.embedder.MavenExecutionContext.executeBare(MavenExecutionContext.java:176) [org.eclipse.m2e.core_1.7.0.20160603-1933.jar:na]
	at org.eclipse.m2e.core.internal.embedder.MavenExecutionContext.execute(MavenExecutionContext.java:112) [org.eclipse.m2e.core_1.7.0.20160603-1933.jar:na]
	at org.eclipse.m2e.core.internal.project.registry.MavenProjectManager$1.call(MavenProjectManager.java:124) [org.eclipse.m2e.core_1.7.0.20160603-1933.jar:na]
	at org.eclipse.m2e.core.internal.embedder.MavenExecutionContext.executeBare(MavenExecutionContext.java:176) [org.eclipse.m2e.core_1.7.0.20160603-1933.jar:na]
	at org.eclipse.m2e.core.internal.embedder.MavenExecutionContext.execute(MavenExecutionContext.java:151) [org.eclipse.m2e.core_1.7.0.20160603-1933.jar:na]
	at org.eclipse.m2e.core.internal.embedder.MavenExecutionContext.execute(MavenExecutionContext.java:99) [org.eclipse.m2e.core_1.7.0.20160603-1933.jar:na]
	at org.eclipse.m2e.core.internal.project.registry.MavenProjectManager.execute(MavenProjectManager.java:122) [org.eclipse.m2e.core_1.7.0.20160603-1933.jar:na]
	at org.eclipse.m2e.core.embedder.MavenModelManager.readDependencyTree(MavenModelManager.java:191) [org.eclipse.m2e.core_1.7.0.20160603-1933.jar:na]
	at org.eclipse.m2e.editor.pom.MavenPomEditor.readDependencyTree(MavenPomEditor.java:687) [org.eclipse.m2e.editor_1.7.0.20160603-1933.jar:na]
	at org.eclipse.m2e.editor.pom.DependencyTreePage$1.run(DependencyTreePage.java:222) [org.eclipse.m2e.editor_1.7.0.20160603-1933.jar:na]
	at org.eclipse.core.internal.jobs.Worker.run(Worker.java:55) [org.eclipse.core.jobs_3.8.0.v20160509-0411.jar:na]
Caused by: org.eclipse.aether.resolution.VersionRangeResolutionException: No versions available for io.grpc:grpc-core:jar:[1.5.0] within specified range
	at org.eclipse.aether.internal.impl.DefaultDependencyCollector.filterVersions(DefaultDependencyCollector.java:648) ~[aether-impl-1.0.2.v20150114.jar:na]
	at org.eclipse.aether.internal.impl.DefaultDependencyCollector.processDependency(DefaultDependencyCollector.java:394) ~[aether-impl-1.0.2.v20150114.jar:na]
	at org.eclipse.aether.internal.impl.DefaultDependencyCollector.processDependency(DefaultDependencyCollector.java:363) ~[aether-impl-1.0.2.v20150114.jar:na]
	at org.eclipse.aether.internal.impl.DefaultDependencyCollector.process(DefaultDependencyCollector.java:351) ~[aether-impl-1.0.2.v20150114.jar:na]
	at org.eclipse.aether.internal.impl.DefaultDependencyCollector.doRecurse(DefaultDependencyCollector.java:504) ~[aether-impl-1.0.2.v20150114.jar:na]
	at org.eclipse.aether.internal.impl.DefaultDependencyCollector.processDependency(DefaultDependencyCollector.java:458) ~[aether-impl-1.0.2.v20150114.jar:na]
	at org.eclipse.aether.internal.impl.DefaultDependencyCollector.processDependency(DefaultDependencyCollector.java:363) ~[aether-impl-1.0.2.v20150114.jar:na]
	at org.eclipse.aether.internal.impl.DefaultDependencyCollector.process(DefaultDependencyCollector.java:351) ~[aether-impl-1.0.2.v20150114.jar:na]
	at org.eclipse.aether.internal.impl.DefaultDependencyCollector.doRecurse(DefaultDependencyCollector.java:504) ~[aether-impl-1.0.2.v20150114.jar:na]
	at org.eclipse.aether.internal.impl.DefaultDependencyCollector.processDependency(DefaultDependencyCollector.java:458) ~[aether-impl-1.0.2.v20150114.jar:na]
	at org.eclipse.aether.internal.impl.DefaultDependencyCollector.processDependency(DefaultDependencyCollector.java:363) ~[aether-impl-1.0.2.v20150114.jar:na]
	at org.eclipse.aether.internal.impl.DefaultDependencyCollector.process(DefaultDependencyCollector.java:351) ~[aether-impl-1.0.2.v20150114.jar:na]
	at org.eclipse.aether.internal.impl.DefaultDependencyCollector.collectDependencies(DefaultDependencyCollector.java:254) ~[aether-impl-1.0.2.v20150114.jar:na]
	... 15 common frames omitted
2017-10-13 12:14:23,147 [Worker-702] ERROR o.e.m.editor.pom.DependencyTreePage - Project read error
org.eclipse.core.runtime.CoreException: Project read error
	at org.eclipse.m2e.core.embedder.MavenModelManager.readDependencyTree(MavenModelManager.java:234) ~[na:na]
	at org.eclipse.m2e.core.embedder.MavenModelManager$1.call(MavenModelManager.java:187) ~[na:na]
	at org.eclipse.m2e.core.embedder.MavenModelManager$1.call(MavenModelManager.java:1) ~[na:na]
	at org.eclipse.m2e.core.internal.embedder.MavenExecutionContext.executeBare(MavenExecutionContext.java:176) ~[na:na]
	at org.eclipse.m2e.core.internal.embedder.MavenExecutionContext.execute(MavenExecutionContext.java:112) ~[na:na]
	at org.eclipse.m2e.core.internal.project.registry.MavenProjectManager$1.call(MavenProjectManager.java:124) ~[na:na]
	at org.eclipse.m2e.core.internal.embedder.MavenExecutionContext.executeBare(MavenExecutionContext.java:176) ~[na:na]
	at org.eclipse.m2e.core.internal.embedder.MavenExecutionContext.execute(MavenExecutionContext.java:151) ~[na:na]
	at org.eclipse.m2e.core.internal.embedder.MavenExecutionContext.execute(MavenExecutionContext.java:99) ~[na:na]
	at org.eclipse.m2e.core.internal.project.registry.MavenProjectManager.execute(MavenProjectManager.java:122) ~[na:na]
	at org.eclipse.m2e.core.embedder.MavenModelManager.readDependencyTree(MavenModelManager.java:191) ~[na:na]
	at org.eclipse.m2e.editor.pom.MavenPomEditor.readDependencyTree(MavenPomEditor.java:687) ~[na:na]
	at org.eclipse.m2e.editor.pom.DependencyTreePage$1.run(DependencyTreePage.java:222) ~[na:na]
	at org.eclipse.core.internal.jobs.Worker.run(Worker.java:55) [org.eclipse.core.jobs_3.8.0.v20160509-0411.jar:na]
Caused by: org.eclipse.aether.collection.DependencyCollectionException: Failed to collect dependencies at org.hyperledger.fabric-sdk-java:fabric-sdk-java:jar:1.0.1 -> io.grpc:grpc-netty:jar:1.5.0 -> io.grpc:grpc-core:jar:[1.5.0]
	at org.eclipse.aether.internal.impl.DefaultDependencyCollector.collectDependencies(DefaultDependencyCollector.java:291) ~[na:na]
	at org.eclipse.aether.internal.impl.DefaultRepositorySystem.collectDependencies(DefaultRepositorySystem.java:316) ~[na:na]
	at org.eclipse.m2e.core.embedder.MavenModelManager.readDependencyTree(MavenModelManager.java:230) ~[na:na]
	... 13 common frames omitted
Caused by: org.eclipse.aether.resolution.VersionRangeResolutionException: No versions available for io.grpc:grpc-core:jar:[1.5.0] within specified range
	at org.eclipse.aether.internal.impl.DefaultDependencyCollector.filterVersions(DefaultDependencyCollector.java:648) ~[na:na]
	at org.eclipse.aether.internal.impl.DefaultDependencyCollector.processDependency(DefaultDependencyCollector.java:394) ~[na:na]
	at org.eclipse.aether.internal.impl.DefaultDependencyCollector.processDependency(DefaultDependencyCollector.java:363) ~[na:na]
	at org.eclipse.aether.internal.impl.DefaultDependencyCollector.process(DefaultDependencyCollector.java:351) ~[na:na]
	at org.eclipse.aether.internal.impl.DefaultDependencyCollector.doRecurse(DefaultDependencyCollector.java:504) ~[na:na]
	at org.eclipse.aether.internal.impl.DefaultDependencyCollector.processDependency(DefaultDependencyCollector.java:458) ~[na:na]
	at org.eclipse.aether.internal.impl.DefaultDependencyCollector.processDependency(DefaultDependencyCollector.java:363) ~[na:na]
	at org.eclipse.aether.internal.impl.DefaultDependencyCollector.process(DefaultDependencyCollector.java:351) ~[na:na]
	at org.eclipse.aether.internal.impl.DefaultDependencyCollector.doRecurse(DefaultDependencyCollector.java:504) ~[na:na]
	at org.eclipse.aether.internal.impl.DefaultDependencyCollector.processDependency(DefaultDependencyCollector.java:458) ~[na:na]
	at org.eclipse.aether.internal.impl.DefaultDependencyCollector.processDependency(DefaultDependencyCollector.java:363) ~[na:na]
	at org.eclipse.aether.internal.impl.DefaultDependencyCollector.process(DefaultDependencyCollector.java:351) ~[na:na]
	at org.eclipse.aether.internal.impl.DefaultDependencyCollector.collectDependencies(DefaultDependencyCollector.java:254) ~[na:na]
	... 15 common frames omitted
2017-10-13 12:15:58,988 [Worker-705] INFO  o.e.m.c.i.l.LifecycleMappingFactory - Using org.eclipse.m2e.jdt.JarLifecycleMapping lifecycle mapping for MavenProject: Pom:HyperLedger:0.0.1-SNAPSHOT @ /Users/marilynwaldman/CourseraAlgorithms/HyperLedger/pom.xml.
2017-10-13 12:15:59,009 [Worker-705] WARN  o.e.m.c.i.embedder.EclipseLogger - Using platform encoding (UTF-8 actually) to copy filtered resources, i.e. build is platform dependent!
2017-10-13 12:15:59,011 [Worker-705] INFO  o.e.m.c.i.embedder.EclipseLogger - Copying 0 resource
2017-10-13 12:15:59,012 [Worker-705] WARN  o.e.m.c.i.embedder.EclipseLogger - Using platform encoding (UTF-8 actually) to copy filtered resources, i.e. build is platform dependent!
2017-10-13 12:15:59,013 [Worker-705] INFO  o.e.m.c.i.embedder.EclipseLogger - Copying 0 resource
2017-10-13 12:16:00,834 [Worker-707] WARN  o.e.m.c.i.embedder.EclipseLogger - Using platform encoding (UTF-8 actually) to copy filtered resources, i.e. build is platform dependent!
2017-10-13 12:16:00,835 [Worker-707] INFO  o.e.m.c.i.embedder.EclipseLogger - Copying 0 resource
2017-10-13 12:16:00,839 [Worker-707] WARN  o.e.m.c.i.embedder.EclipseLogger - Using platform encoding (UTF-8 actually) to copy filtered resources, i.e. build is platform dependent!
2017-10-13 12:16:00,839 [Worker-707] INFO  o.e.m.c.i.embedder.EclipseLogger - Copying 0 resource
2017-10-13 12:17:05,547 [Worker-705] INFO  o.e.m.c.i.l.LifecycleMappingFactory - Using org.eclipse.m2e.jdt.JarLifecycleMapping lifecycle mapping for MavenProject: Pom:HyperLedger:0.0.1-SNAPSHOT @ /Users/marilynwaldman/CourseraAlgorithms/HyperLedger/pom.xml.
2017-10-13 12:17:05,786 [Worker-705] WARN  o.e.m.c.i.embedder.EclipseLogger - Using platform encoding (UTF-8 actually) to copy filtered resources, i.e. build is platform dependent!
2017-10-13 12:17:05,786 [Worker-705] INFO  o.e.m.c.i.embedder.EclipseLogger - Copying 0 resource
2017-10-13 12:17:05,789 [Worker-705] WARN  o.e.m.c.i.embedder.EclipseLogger - Using platform encoding (UTF-8 actually) to copy filtered resources, i.e. build is platform dependent!
2017-10-13 12:17:05,789 [Worker-705] INFO  o.e.m.c.i.embedder.EclipseLogger - Copying 0 resource
2017-10-13 12:17:06,125 [Worker-705] ERROR o.e.m.c.embedder.MavenModelManager - Project read error
org.eclipse.aether.collection.DependencyCollectionException: Failed to collect dependencies at org.hyperledger.fabric-sdk-java:fabric-sdk-java:jar:1.0.1 -> io.grpc:grpc-netty:jar:1.5.0 -> io.grpc:grpc-core:jar:[1.5.0]
	at org.eclipse.aether.internal.impl.DefaultDependencyCollector.collectDependencies(DefaultDependencyCollector.java:291) ~[aether-impl-1.0.2.v20150114.jar:na]
	at org.eclipse.aether.internal.impl.DefaultRepositorySystem.collectDependencies(DefaultRepositorySystem.java:316) ~[aether-impl-1.0.2.v20150114.jar:na]
	at org.eclipse.m2e.core.embedder.MavenModelManager.readDependencyTree(MavenModelManager.java:230) [org.eclipse.m2e.core_1.7.0.20160603-1933.jar:na]
	at org.eclipse.m2e.core.embedder.MavenModelManager$1.call(MavenModelManager.java:187) [org.eclipse.m2e.core_1.7.0.20160603-1933.jar:na]
	at org.eclipse.m2e.core.embedder.MavenModelManager$1.call(MavenModelManager.java:1) [org.eclipse.m2e.core_1.7.0.20160603-1933.jar:na]
	at org.eclipse.m2e.core.internal.embedder.MavenExecutionContext.executeBare(MavenExecutionContext.java:176) [org.eclipse.m2e.core_1.7.0.20160603-1933.jar:na]
	at org.eclipse.m2e.core.internal.embedder.MavenExecutionContext.execute(MavenExecutionContext.java:112) [org.eclipse.m2e.core_1.7.0.20160603-1933.jar:na]
	at org.eclipse.m2e.core.internal.project.registry.MavenProjectManager$1.call(MavenProjectManager.java:124) [org.eclipse.m2e.core_1.7.0.20160603-1933.jar:na]
	at org.eclipse.m2e.core.internal.embedder.MavenExecutionContext.executeBare(MavenExecutionContext.java:176) [org.eclipse.m2e.core_1.7.0.20160603-1933.jar:na]
	at org.eclipse.m2e.core.internal.embedder.MavenExecutionContext.execute(MavenExecutionContext.java:151) [org.eclipse.m2e.core_1.7.0.20160603-1933.jar:na]
	at org.eclipse.m2e.core.internal.embedder.MavenExecutionContext.execute(MavenExecutionContext.java:99) [org.eclipse.m2e.core_1.7.0.20160603-1933.jar:na]
	at org.eclipse.m2e.core.internal.project.registry.MavenProjectManager.execute(MavenProjectManager.java:122) [org.eclipse.m2e.core_1.7.0.20160603-1933.jar:na]
	at org.eclipse.m2e.core.embedder.MavenModelManager.readDependencyTree(MavenModelManager.java:191) [org.eclipse.m2e.core_1.7.0.20160603-1933.jar:na]
	at org.eclipse.m2e.editor.pom.MavenPomEditor.readDependencyTree(MavenPomEditor.java:687) [org.eclipse.m2e.editor_1.7.0.20160603-1933.jar:na]
	at org.eclipse.m2e.editor.pom.DependencyTreePage$1.run(DependencyTreePage.java:222) [org.eclipse.m2e.editor_1.7.0.20160603-1933.jar:na]
	at org.eclipse.core.internal.jobs.Worker.run(Worker.java:55) [org.eclipse.core.jobs_3.8.0.v20160509-0411.jar:na]
Caused by: org.eclipse.aether.resolution.VersionRangeResolutionException: No versions available for io.grpc:grpc-core:jar:[1.5.0] within specified range
	at org.eclipse.aether.internal.impl.DefaultDependencyCollector.filterVersions(DefaultDependencyCollector.java:648) ~[aether-impl-1.0.2.v20150114.jar:na]
	at org.eclipse.aether.internal.impl.DefaultDependencyCollector.processDependency(DefaultDependencyCollector.java:394) ~[aether-impl-1.0.2.v20150114.jar:na]
	at org.eclipse.aether.internal.impl.DefaultDependencyCollector.processDependency(DefaultDependencyCollector.java:363) ~[aether-impl-1.0.2.v20150114.jar:na]
	at org.eclipse.aether.internal.impl.DefaultDependencyCollector.process(DefaultDependencyCollector.java:351) ~[aether-impl-1.0.2.v20150114.jar:na]
	at org.eclipse.aether.internal.impl.DefaultDependencyCollector.doRecurse(DefaultDependencyCollector.java:504) ~[aether-impl-1.0.2.v20150114.jar:na]
	at org.eclipse.aether.internal.impl.DefaultDependencyCollector.processDependency(DefaultDependencyCollector.java:458) ~[aether-impl-1.0.2.v20150114.jar:na]
	at org.eclipse.aether.internal.impl.DefaultDependencyCollector.processDependency(DefaultDependencyCollector.java:363) ~[aether-impl-1.0.2.v20150114.jar:na]
	at org.eclipse.aether.internal.impl.DefaultDependencyCollector.process(DefaultDependencyCollector.java:351) ~[aether-impl-1.0.2.v20150114.jar:na]
	at org.eclipse.aether.internal.impl.DefaultDependencyCollector.doRecurse(DefaultDependencyCollector.java:504) ~[aether-impl-1.0.2.v20150114.jar:na]
	at org.eclipse.aether.internal.impl.DefaultDependencyCollector.processDependency(DefaultDependencyCollector.java:458) ~[aether-impl-1.0.2.v20150114.jar:na]
	at org.eclipse.aether.internal.impl.DefaultDependencyCollector.processDependency(DefaultDependencyCollector.java:363) ~[aether-impl-1.0.2.v20150114.jar:na]
	at org.eclipse.aether.internal.impl.DefaultDependencyCollector.process(DefaultDependencyCollector.java:351) ~[aether-impl-1.0.2.v20150114.jar:na]
	at org.eclipse.aether.internal.impl.DefaultDependencyCollector.collectDependencies(DefaultDependencyCollector.java:254) ~[aether-impl-1.0.2.v20150114.jar:na]
	... 15 common frames omitted
2017-10-13 12:17:06,129 [Worker-705] ERROR o.e.m.editor.pom.DependencyTreePage - Project read error
org.eclipse.core.runtime.CoreException: Project read error
	at org.eclipse.m2e.core.embedder.MavenModelManager.readDependencyTree(MavenModelManager.java:234) ~[na:na]
	at org.eclipse.m2e.core.embedder.MavenModelManager$1.call(MavenModelManager.java:187) ~[na:na]
	at org.eclipse.m2e.core.embedder.MavenModelManager$1.call(MavenModelManager.java:1) ~[na:na]
	at org.eclipse.m2e.core.internal.embedder.MavenExecutionContext.executeBare(MavenExecutionContext.java:176) ~[na:na]
	at org.eclipse.m2e.core.internal.embedder.MavenExecutionContext.execute(MavenExecutionContext.java:112) ~[na:na]
	at org.eclipse.m2e.core.internal.project.registry.MavenProjectManager$1.call(MavenProjectManager.java:124) ~[na:na]
	at org.eclipse.m2e.core.internal.embedder.MavenExecutionContext.executeBare(MavenExecutionContext.java:176) ~[na:na]
	at org.eclipse.m2e.core.internal.embedder.MavenExecutionContext.execute(MavenExecutionContext.java:151) ~[na:na]
	at org.eclipse.m2e.core.internal.embedder.MavenExecutionContext.execute(MavenExecutionContext.java:99) ~[na:na]
	at org.eclipse.m2e.core.internal.project.registry.MavenProjectManager.execute(MavenProjectManager.java:122) ~[na:na]
	at org.eclipse.m2e.core.embedder.MavenModelManager.readDependencyTree(MavenModelManager.java:191) ~[na:na]
	at org.eclipse.m2e.editor.pom.MavenPomEditor.readDependencyTree(MavenPomEditor.java:687) ~[na:na]
	at org.eclipse.m2e.editor.pom.DependencyTreePage$1.run(DependencyTreePage.java:222) ~[na:na]
	at org.eclipse.core.internal.jobs.Worker.run(Worker.java:55) [org.eclipse.core.jobs_3.8.0.v20160509-0411.jar:na]
Caused by: org.eclipse.aether.collection.DependencyCollectionException: Failed to collect dependencies at org.hyperledger.fabric-sdk-java:fabric-sdk-java:jar:1.0.1 -> io.grpc:grpc-netty:jar:1.5.0 -> io.grpc:grpc-core:jar:[1.5.0]
	at org.eclipse.aether.internal.impl.DefaultDependencyCollector.collectDependencies(DefaultDependencyCollector.java:291) ~[na:na]
	at org.eclipse.aether.internal.impl.DefaultRepositorySystem.collectDependencies(DefaultRepositorySystem.java:316) ~[na:na]
	at org.eclipse.m2e.core.embedder.MavenModelManager.readDependencyTree(MavenModelManager.java:230) ~[na:na]
	... 13 common frames omitted
Caused by: org.eclipse.aether.resolution.VersionRangeResolutionException: No versions available for io.grpc:grpc-core:jar:[1.5.0] within specified range
	at org.eclipse.aether.internal.impl.DefaultDependencyCollector.filterVersions(DefaultDependencyCollector.java:648) ~[na:na]
	at org.eclipse.aether.internal.impl.DefaultDependencyCollector.processDependency(DefaultDependencyCollector.java:394) ~[na:na]
	at org.eclipse.aether.internal.impl.DefaultDependencyCollector.processDependency(DefaultDependencyCollector.java:363) ~[na:na]
	at org.eclipse.aether.internal.impl.DefaultDependencyCollector.process(DefaultDependencyCollector.java:351) ~[na:na]
	at org.eclipse.aether.internal.impl.DefaultDependencyCollector.doRecurse(DefaultDependencyCollector.java:504) ~[na:na]
	at org.eclipse.aether.internal.impl.DefaultDependencyCollector.processDependency(DefaultDependencyCollector.java:458) ~[na:na]
	at org.eclipse.aether.internal.impl.DefaultDependencyCollector.processDependency(DefaultDependencyCollector.java:363) ~[na:na]
	at org.eclipse.aether.internal.impl.DefaultDependencyCollector.process(DefaultDependencyCollector.java:351) ~[na:na]
	at org.eclipse.aether.internal.impl.DefaultDependencyCollector.doRecurse(DefaultDependencyCollector.java:504) ~[na:na]
	at org.eclipse.aether.internal.impl.DefaultDependencyCollector.processDependency(DefaultDependencyCollector.java:458) ~[na:na]
	at org.eclipse.aether.internal.impl.DefaultDependencyCollector.processDependency(DefaultDependencyCollector.java:363) ~[na:na]
	at org.eclipse.aether.internal.impl.DefaultDependencyCollector.process(DefaultDependencyCollector.java:351) ~[na:na]
	at org.eclipse.aether.internal.impl.DefaultDependencyCollector.collectDependencies(DefaultDependencyCollector.java:254) ~[na:na]
	... 15 common frames omitted
2017-10-13 12:18:49,090 [main] INFO  o.e.m2e.actions.ExecutePomAction - Creating new launch configuration
2017-10-13 12:18:56,076 [Worker-704] INFO  o.e.m.i.launch.MavenLaunchDelegate - /Users/marilynwaldman/CourseraAlgorithms/HyperLedger
2017-10-13 12:18:56,076 [Worker-704] INFO  o.e.m.i.launch.MavenLaunchDelegate -  mvn -B 
2017-10-13 12:19:27,692 [Worker-707] INFO  o.e.m.i.launch.MavenLaunchDelegate - /Users/marilynwaldman/CourseraAlgorithms/HyperLedger
2017-10-13 12:19:27,692 [Worker-707] INFO  o.e.m.i.launch.MavenLaunchDelegate -  mvn -B clean
2017-10-13 12:19:29,288 [Worker-705] WARN  o.e.m.c.i.embedder.EclipseLogger - Using platform encoding (UTF-8 actually) to copy filtered resources, i.e. build is platform dependent!
2017-10-13 12:19:29,289 [Worker-705] INFO  o.e.m.c.i.embedder.EclipseLogger - Copying 0 resource
2017-10-13 12:19:29,290 [Worker-705] WARN  o.e.m.c.i.embedder.EclipseLogger - Using platform encoding (UTF-8 actually) to copy filtered resources, i.e. build is platform dependent!
2017-10-13 12:19:29,290 [Worker-705] INFO  o.e.m.c.i.embedder.EclipseLogger - Copying 0 resource
2017-10-13 12:19:50,697 [Worker-705] INFO  o.e.m.i.launch.MavenLaunchDelegate - /Users/marilynwaldman/CourseraAlgorithms/HyperLedger
2017-10-13 12:19:50,697 [Worker-705] INFO  o.e.m.i.launch.MavenLaunchDelegate -  mvn -B install
2017-10-13 12:20:03,996 [Worker-702] WARN  o.e.m.c.i.embedder.EclipseLogger - Using platform encoding (UTF-8 actually) to copy filtered resources, i.e. build is platform dependent!
2017-10-13 12:20:03,997 [Worker-702] INFO  o.e.m.c.i.embedder.EclipseLogger - Copying 0 resource
2017-10-13 12:20:03,998 [Worker-702] WARN  o.e.m.c.i.embedder.EclipseLogger - Using platform encoding (UTF-8 actually) to copy filtered resources, i.e. build is platform dependent!
2017-10-13 12:20:03,998 [Worker-702] INFO  o.e.m.c.i.embedder.EclipseLogger - Copying 0 resource
2017-10-13 12:20:59,356 [main] INFO  o.e.m2e.actions.ExecutePomAction - Using existing launch configuration
2017-10-13 12:21:05,131 [Worker-708] INFO  o.e.m.i.launch.MavenLaunchDelegate - /Users/marilynwaldman/CourseraAlgorithms/HyperLedger
2017-10-13 12:21:05,131 [Worker-708] INFO  o.e.m.i.launch.MavenLaunchDelegate -  mvn -B 
2017-10-13 12:23:29,573 [Worker-702] INFO  o.e.m.c.i.l.LifecycleMappingFactory - Using org.eclipse.m2e.jdt.JarLifecycleMapping lifecycle mapping for MavenProject: Pom:HyperLedger:0.0.1-SNAPSHOT @ /Users/marilynwaldman/CourseraAlgorithms/HyperLedger/pom.xml.
2017-10-13 12:23:29,605 [Worker-702] WARN  o.e.m.c.i.embedder.EclipseLogger - Using platform encoding (UTF-8 actually) to copy filtered resources, i.e. build is platform dependent!
2017-10-13 12:23:29,606 [Worker-702] INFO  o.e.m.c.i.embedder.EclipseLogger - Copying 0 resource
2017-10-13 12:23:29,608 [Worker-702] WARN  o.e.m.c.i.embedder.EclipseLogger - Using platform encoding (UTF-8 actually) to copy filtered resources, i.e. build is platform dependent!
2017-10-13 12:23:29,608 [Worker-702] INFO  o.e.m.c.i.embedder.EclipseLogger - Copying 0 resource
2017-10-13 12:23:30,726 [Worker-707] WARN  o.e.m.c.i.embedder.EclipseLogger - Using platform encoding (UTF-8 actually) to copy filtered resources, i.e. build is platform dependent!
2017-10-13 12:23:30,727 [Worker-707] INFO  o.e.m.c.i.embedder.EclipseLogger - Copying 0 resource
2017-10-13 12:23:30,728 [Worker-707] WARN  o.e.m.c.i.embedder.EclipseLogger - Using platform encoding (UTF-8 actually) to copy filtered resources, i.e. build is platform dependent!
2017-10-13 12:23:30,728 [Worker-707] INFO  o.e.m.c.i.embedder.EclipseLogger - Copying 0 resource
2017-10-13 12:24:38,881 [Worker-702] INFO  o.e.m.c.i.l.LifecycleMappingFactory - Using org.eclipse.m2e.jdt.JarLifecycleMapping lifecycle mapping for MavenProject: Pom:HyperLedger:0.0.1-SNAPSHOT @ /Users/marilynwaldman/CourseraAlgorithms/HyperLedger/pom.xml.
2017-10-13 12:24:38,886 [Worker-702] WARN  o.e.m.c.i.embedder.EclipseLogger - The POM for org.hyperledger.fabric-sdk-java:fabric-sdk-java:jar:1.1.0-SNAPSHOT is missing, no dependency information available
2017-10-13 12:24:38,913 [Worker-702] WARN  o.e.m.c.i.embedder.EclipseLogger - Using platform encoding (UTF-8 actually) to copy filtered resources, i.e. build is platform dependent!
2017-10-13 12:24:38,914 [Worker-702] INFO  o.e.m.c.i.embedder.EclipseLogger - Copying 0 resource
2017-10-13 12:24:38,917 [Worker-702] WARN  o.e.m.c.i.embedder.EclipseLogger - Using platform encoding (UTF-8 actually) to copy filtered resources, i.e. build is platform dependent!
2017-10-13 12:24:38,918 [Worker-702] INFO  o.e.m.c.i.embedder.EclipseLogger - Copying 0 resource
2017-10-13 12:24:38,935 [Worker-704] WARN  o.e.m.c.i.embedder.EclipseLogger - The POM for org.hyperledger.fabric-sdk-java:fabric-sdk-java:jar:1.1.0-SNAPSHOT is missing, no dependency information available
2017-10-13 12:24:38,941 [Worker-704] WARN  o.e.m.c.i.embedder.EclipseLogger - The POM for org.hyperledger.fabric-sdk-java:fabric-sdk-java:jar:1.1.0-SNAPSHOT is missing, no dependency information available
2017-10-13 12:25:18,549 [Worker-705] INFO  o.e.m.c.i.l.LifecycleMappingFactory - Using org.eclipse.m2e.jdt.JarLifecycleMapping lifecycle mapping for MavenProject: Pom:HyperLedger:0.0.1-SNAPSHOT @ /Users/marilynwaldman/CourseraAlgorithms/HyperLedger/pom.xml.
2017-10-13 12:25:18,566 [Worker-705] WARN  o.e.m.c.i.embedder.EclipseLogger - Using platform encoding (UTF-8 actually) to copy filtered resources, i.e. build is platform dependent!
2017-10-13 12:25:18,567 [Worker-705] INFO  o.e.m.c.i.embedder.EclipseLogger - Copying 0 resource
2017-10-13 12:25:18,568 [Worker-705] WARN  o.e.m.c.i.embedder.EclipseLogger - Using platform encoding (UTF-8 actually) to copy filtered resources, i.e. build is platform dependent!
2017-10-13 12:25:18,569 [Worker-705] INFO  o.e.m.c.i.embedder.EclipseLogger - Copying 0 resource
2017-10-13 12:25:19,682 [Worker-705] WARN  o.e.m.c.i.embedder.EclipseLogger - Using platform encoding (UTF-8 actually) to copy filtered resources, i.e. build is platform dependent!
2017-10-13 12:25:19,682 [Worker-705] INFO  o.e.m.c.i.embedder.EclipseLogger - Copying 0 resource
2017-10-13 12:25:19,683 [Worker-705] WARN  o.e.m.c.i.embedder.EclipseLogger - Using platform encoding (UTF-8 actually) to copy filtered resources, i.e. build is platform dependent!
2017-10-13 12:25:19,683 [Worker-705] INFO  o.e.m.c.i.embedder.EclipseLogger - Copying 0 resource
2017-10-13 12:26:56,338 [Worker-705] INFO  o.e.m.c.i.l.LifecycleMappingFactory - Using org.eclipse.m2e.jdt.JarLifecycleMapping lifecycle mapping for MavenProject: Pom:HyperLedger:0.0.1-SNAPSHOT @ /Users/marilynwaldman/CourseraAlgorithms/HyperLedger/pom.xml.
2017-10-13 12:26:56,639 [Worker-705] WARN  o.e.m.c.i.embedder.EclipseLogger - Using platform encoding (UTF-8 actually) to copy filtered resources, i.e. build is platform dependent!
2017-10-13 12:26:56,640 [Worker-705] INFO  o.e.m.c.i.embedder.EclipseLogger - Copying 0 resource
2017-10-13 12:26:56,641 [Worker-705] WARN  o.e.m.c.i.embedder.EclipseLogger - Using platform encoding (UTF-8 actually) to copy filtered resources, i.e. build is platform dependent!
2017-10-13 12:26:56,642 [Worker-705] INFO  o.e.m.c.i.embedder.EclipseLogger - Copying 0 resource
2017-10-13 12:26:57,761 [Worker-702] WARN  o.e.m.c.i.embedder.EclipseLogger - Using platform encoding (UTF-8 actually) to copy filtered resources, i.e. build is platform dependent!
2017-10-13 12:26:57,763 [Worker-702] INFO  o.e.m.c.i.embedder.EclipseLogger - Copying 0 resource
2017-10-13 12:26:57,764 [Worker-702] WARN  o.e.m.c.i.embedder.EclipseLogger - Using platform encoding (UTF-8 actually) to copy filtered resources, i.e. build is platform dependent!
2017-10-13 12:26:57,764 [Worker-702] INFO  o.e.m.c.i.embedder.EclipseLogger - Copying 0 resource
2017-12-16 18:44:10,252 [Worker-3] INFO  c.g.t.t.d.PublishedGradleVersions - Gradle version information cache is up-to-date. Trying to read.
